<?xml version="1.0" encoding="utf-8"?><testsuites name="pytest tests"><testsuite name="pytest" errors="0" failures="0" skipped="0" tests="11" time="5.598" timestamp="2026-03-21T02:10:52.256498+00:00" hostname="agent-env-25196972-c419-4596-8f14-9f73cea1d022"><testcase classname="backend.tests.test_admin_orders_combined.TestAdminOrdersCombined" name="test_admin_orders_endpoint_returns_200" time="0.637" /><testcase classname="backend.tests.test_admin_orders_combined.TestAdminOrdersCombined" name="test_admin_orders_returns_list" time="0.523" /><testcase classname="backend.tests.test_admin_orders_combined.TestAdminOrdersCombined" name="test_admin_orders_contains_both_types" time="0.459" /><testcase classname="backend.tests.test_admin_orders_combined.TestAdminOrdersCombined" name="test_service_order_has_required_fields" time="0.478" /><testcase classname="backend.tests.test_admin_orders_combined.TestAdminOrdersCombined" name="test_consultation_order_has_required_fields" time="0.468" /><testcase classname="backend.tests.test_admin_orders_combined.TestAdminOrdersCombined" name="test_user_info_populated" time="0.452" /><testcase classname="backend.tests.test_admin_orders_combined.TestAdminOrdersCombined" name="test_orders_sorted_by_date" time="0.538" /><testcase classname="backend.tests.test_admin_orders_combined.TestAdminOrdersCombined" name="test_admin_consultations_endpoint" time="0.400" /><testcase classname="backend.tests.test_admin_orders_combined.TestAdminOrdersCombined" name="test_count_verification" time="0.558" /><testcase classname="backend.tests.test_admin_orders_combined.TestAdminOrdersEdit" name="test_admin_can_update_service_order" time="0.538" /><testcase classname="backend.tests.test_admin_orders_combined.TestAdminOrdersEdit" name="test_admin_can_update_consultation" time="0.496" /></testsuite></testsuites>