<?xml version="1.0" encoding="utf-8"?><testsuites name="pytest tests"><testsuite name="pytest" errors="0" failures="0" skipped="0" tests="9" time="3.292" timestamp="2026-03-15T16:41:02.236689+00:00" hostname="agent-env-25196972-c419-4596-8f14-9f73cea1d022"><testcase classname="backend.tests.test_billboards.TestBillboardEndpoints" name="test_get_billboards_list" time="0.251" /><testcase classname="backend.tests.test_billboards.TestBillboardEndpoints" name="test_get_billboard_bb1_detail" time="0.139" /><testcase classname="backend.tests.test_billboards.TestBillboardEndpoints" name="test_get_billboard_not_found" time="0.138" /><testcase classname="backend.tests.test_billboards.TestBillboardEndpoints" name="test_all_billboard_categories" time="0.360" /><testcase classname="backend.tests.test_billboards.TestOrderFlow" name="test_create_order_for_billboard" time="0.769" /><testcase classname="backend.tests.test_billboards.TestOrderFlow" name="test_mock_payment_flow" time="0.607" /><testcase classname="backend.tests.test_billboards.TestOrderFlow" name="test_get_user_orders" time="0.561" /><testcase classname="backend.tests.test_billboards.TestAuthRequired" name="test_orders_require_auth" time="0.119" /><testcase classname="backend.tests.test_billboards.TestAuthRequired" name="test_create_order_requires_auth" time="0.107" /></testsuite></testsuites>