<?xml version="1.0" encoding="utf-8"?><testsuites name="pytest tests"><testsuite name="pytest" errors="0" failures="0" skipped="0" tests="13" time="4.672" timestamp="2026-03-19T19:24:24.781620+00:00" hostname="agent-env-25196972-c419-4596-8f14-9f73cea1d022"><testcase classname="tests.test_digital_ads_bug_fix.TestAuthStatusCodes" name="test_unauthenticated_request_returns_401" time="0.320" /><testcase classname="tests.test_digital_ads_bug_fix.TestAuthStatusCodes" name="test_invalid_token_returns_401" time="0.154" /><testcase classname="tests.test_digital_ads_bug_fix.TestAuthStatusCodes" name="test_valid_auth_returns_200" time="0.491" /><testcase classname="tests.test_digital_ads_bug_fix.TestPublicDigitalAdsEndpoint" name="test_public_digital_ads_returns_data" time="0.117" /><testcase classname="tests.test_digital_ads_bug_fix.TestPublicDigitalAdsEndpoint" name="test_youtube_platform_exists" time="0.154" /><testcase classname="tests.test_digital_ads_bug_fix.TestPublicDigitalAdsEndpoint" name="test_digital_ads_have_required_fields" time="0.116" /><testcase classname="tests.test_digital_ads_bug_fix.TestPublicDigitalAdsEndpoint" name="test_public_digital_ads_count" time="0.126" /><testcase classname="tests.test_digital_ads_bug_fix.TestDigitalAdDetailEndpoint" name="test_get_digital_ad_by_id" time="0.481" /><testcase classname="tests.test_digital_ads_bug_fix.TestDigitalAdDetailEndpoint" name="test_youtube_detail_page" time="0.107" /><testcase classname="tests.test_digital_ads_bug_fix.TestAdminDigitalAdsCRUD" name="test_admin_get_all_digital_ads" time="0.476" /><testcase classname="tests.test_digital_ads_bug_fix.TestAdminDigitalAdsCRUD" name="test_admin_create_digital_ad" time="0.499" /><testcase classname="tests.test_digital_ads_bug_fix.TestAdminDigitalAdsCRUD" name="test_admin_update_digital_ad" time="0.811" /><testcase classname="tests.test_digital_ads_bug_fix.TestAdminDigitalAdsCRUD" name="test_admin_delete_digital_ad" time="0.705" /></testsuite></testsuites>