<?xml version="1.0" encoding="utf-8"?><testsuites name="pytest tests"><testsuite name="pytest" errors="0" failures="0" skipped="0" tests="8" time="3.614" timestamp="2026-03-19T19:53:28.482559+00:00" hostname="agent-env-25196972-c419-4596-8f14-9f73cea1d022"><testcase classname="backend.tests.test_email_integration.TestEmailIntegration" name="test_order_creation_cash_payment_triggers_email" time="0.508" /><testcase classname="backend.tests.test_email_integration.TestEmailIntegration" name="test_order_status_update_pending_cash_triggers_email" time="0.556" /><testcase classname="backend.tests.test_email_integration.TestEmailIntegration" name="test_consultation_scheduling_triggers_email" time="0.545" /><testcase classname="backend.tests.test_email_integration.TestEmailIntegration" name="test_email_template_generation_order" time="0.477" /><testcase classname="backend.tests.test_email_integration.TestEmailIntegration" name="test_email_template_generation_consultation" time="0.447" /><testcase classname="backend.tests.test_email_integration.TestSMTPConfiguration" name="test_settings_endpoint_has_office_info" time="0.114" /><testcase classname="backend.tests.test_email_integration.TestPaymentMethodFlow" name="test_order_defaults_to_online_payment" time="0.449" /><testcase classname="backend.tests.test_email_integration.TestPaymentMethodFlow" name="test_order_with_explicit_cash_payment" time="0.456" /></testsuite></testsuites>