<?xml version="1.0" encoding="utf-8"?><testsuites name="pytest tests"><testsuite name="pytest" errors="0" failures="0" skipped="0" tests="16" time="1.799" timestamp="2026-03-22T06:03:19.309031+00:00" hostname="agent-env-25196972-c419-4596-8f14-9f73cea1d022"><testcase classname="backend.tests.test_global_search.TestGlobalSearchAPI" name="test_search_basic_query" time="0.155" /><testcase classname="backend.tests.test_global_search.TestGlobalSearchAPI" name="test_search_result_structure" time="0.100" /><testcase classname="backend.tests.test_global_search.TestGlobalSearchAPI" name="test_search_category_filter_influencer" time="0.105" /><testcase classname="backend.tests.test_global_search.TestGlobalSearchAPI" name="test_search_category_filter_billboard" time="0.132" /><testcase classname="backend.tests.test_global_search.TestGlobalSearchAPI" name="test_search_category_filter_led_billboard" time="0.111" /><testcase classname="backend.tests.test_global_search.TestGlobalSearchAPI" name="test_search_category_filter_static_billboard" time="0.123" /><testcase classname="backend.tests.test_global_search.TestGlobalSearchAPI" name="test_search_category_filter_digital_ad" time="0.110" /><testcase classname="backend.tests.test_global_search.TestGlobalSearchAPI" name="test_search_category_filter_kannywood" time="0.099" /><testcase classname="backend.tests.test_global_search.TestGlobalSearchAPI" name="test_search_city_filter" time="0.104" /><testcase classname="backend.tests.test_global_search.TestGlobalSearchAPI" name="test_search_price_range_filter" time="0.106" /><testcase classname="backend.tests.test_global_search.TestGlobalSearchAPI" name="test_search_combined_filters" time="0.098" /><testcase classname="backend.tests.test_global_search.TestGlobalSearchAPI" name="test_search_empty_results" time="0.097" /><testcase classname="backend.tests.test_global_search.TestGlobalSearchAPI" name="test_search_no_params" time="0.109" /><testcase classname="backend.tests.test_global_search.TestSearchSuggestionsAPI" name="test_suggestions_basic" time="0.090" /><testcase classname="backend.tests.test_global_search.TestSearchSuggestionsAPI" name="test_suggestions_short_query" time="0.096" /><testcase classname="backend.tests.test_global_search.TestSearchSuggestionsAPI" name="test_suggestions_limit" time="0.100" /></testsuite></testsuites>