<?xml version="1.0" encoding="utf-8"?><testsuites name="pytest tests"><testsuite name="pytest" errors="0" failures="0" skipped="0" tests="11" time="2.532" timestamp="2026-03-19T19:32:33.228444+00:00" hostname="agent-env-25196972-c419-4596-8f14-9f73cea1d022"><testcase classname="backend.tests.test_image_upload.TestImageUpload" name="test_upload_chunk_without_auth" time="0.184" /><testcase classname="backend.tests.test_image_upload.TestImageUpload" name="test_upload_invalid_file_type" time="0.472" /><testcase classname="backend.tests.test_image_upload.TestImageUpload" name="test_upload_single_chunk_png" time="0.111" /><testcase classname="backend.tests.test_image_upload.TestImageUpload" name="test_serve_uploaded_file" time="0.141" /><testcase classname="backend.tests.test_image_upload.TestImageUpload" name="test_serve_nonexistent_file" time="0.122" /><testcase classname="backend.tests.test_image_upload.TestImageUpload" name="test_serve_existing_file" time="0.096" /><testcase classname="backend.tests.test_image_upload.TestImageUpload" name="test_upload_jpeg_extension" time="0.098" /><testcase classname="backend.tests.test_image_upload.TestImageUpload" name="test_upload_webp_extension" time="0.126" /><testcase classname="backend.tests.test_image_upload.TestImageUpload" name="test_upload_gif_extension" time="0.141" /><testcase classname="backend.tests.test_image_upload.TestImageUpload" name="test_multi_chunk_upload" time="0.215" /><testcase classname="backend.tests.test_image_upload.TestUploadedFilesInAdmin" name="test_influencer_with_uploaded_image" time="0.762" /></testsuite></testsuites>