<?xml version="1.0" encoding="utf-8"?><testsuites name="pytest tests"><testsuite name="pytest" errors="0" failures="0" skipped="0" tests="15" time="5.436" timestamp="2026-03-24T03:26:02.692749+00:00" hostname="agent-env-25196972-c419-4596-8f14-9f73cea1d022"><testcase classname="backend.tests.test_independent_billboard_types.TestIndependentBillboardTypes" name="test_get_all_billboard_types" time="0.220" /><testcase classname="backend.tests.test_independent_billboard_types.TestIndependentBillboardTypes" name="test_get_independent_types_only" time="0.144" /><testcase classname="backend.tests.test_independent_billboard_types.TestIndependentBillboardTypes" name="test_get_category_specific_types" time="0.144" /><testcase classname="backend.tests.test_independent_billboard_types.TestIndependentBillboardTypes" name="test_create_independent_type_requires_auth" time="0.123" /><testcase classname="backend.tests.test_independent_billboard_types.TestIndependentBillboardTypes" name="test_create_independent_type" time="0.546" /><testcase classname="backend.tests.test_independent_billboard_types.TestIndependentBillboardTypes" name="test_create_independent_type_duplicate_name" time="0.496" /><testcase classname="backend.tests.test_independent_billboard_types.TestIndependentBillboardTypes" name="test_update_independent_type" time="0.655" /><testcase classname="backend.tests.test_independent_billboard_types.TestIndependentBillboardTypes" name="test_delete_independent_type" time="0.553" /><testcase classname="backend.tests.test_independent_billboard_types.TestIndependentBillboardPackages" name="test_get_packages_for_independent_type" time="0.219" /><testcase classname="backend.tests.test_independent_billboard_types.TestIndependentBillboardPackages" name="test_create_package_for_independent_type" time="0.573" /><testcase classname="backend.tests.test_independent_billboard_types.TestIndependentBillboardPackages" name="test_create_package_invalid_independent_type" time="0.481" /><testcase classname="backend.tests.test_independent_billboard_types.TestIndependentBillboardPackages" name="test_get_packages_with_state_road_filter" time="0.718" /><testcase classname="backend.tests.test_independent_billboard_types.TestBillboardsPageIntegration" name="test_billboards_endpoint_returns_data" time="0.150" /><testcase classname="backend.tests.test_independent_billboard_types.TestBillboardsPageIntegration" name="test_independent_types_available_for_public_page" time="0.164" /><testcase classname="backend.tests.test_independent_billboard_types.TestBillboardsPageIntegration" name="test_states_and_roads_available" time="0.120" /></testsuite></testsuites>