<?xml version="1.0" encoding="utf-8"?><testsuites name="pytest tests"><testsuite name="pytest" errors="0" failures="0" skipped="0" tests="4" time="4.947" timestamp="2026-08-08T17:24:53.911943+00:00" hostname="agent-env-09f03cc0-3c79-472f-8ec9-89bdb816afdf"><testcase classname="tests.test_inside_time_double_count_fix.TestActiveInsideAccrualNoDoubleCount" name="test_no_double_count_on_outside_pause" time="1.757" /><testcase classname="tests.test_inside_time_double_count_fix.TestActiveInsideAccrualNoDoubleCount" name="test_resume_incremental_accrual_continues" time="1.217" /><testcase classname="tests.test_inside_time_double_count_fix.TestOfflineBatchReplayAccrual" name="test_batch_accrual_and_idempotent_replay" time="0.917" /><testcase classname="tests.test_inside_time_double_count_fix.TestCoverageGapExcluded" name="test_coverage_gap_excludes_time" time="1.011" /></testsuite></testsuites>