<?xml version="1.0" encoding="utf-8"?><testsuites name="pytest tests"><testsuite name="pytest" errors="0" failures="0" skipped="0" tests="12" time="3.435" timestamp="2026-08-08T17:00:25.810024+00:00" hostname="agent-env-09f03cc0-3c79-472f-8ec9-89bdb816afdf"><testcase classname="tests.test_device_binding.TestDeviceBinding" name="test_first_bind_authorizes" time="0.966" /><testcase classname="tests.test_device_binding.TestDeviceBinding" name="test_same_device_still_authorized" time="0.093" /><testcase classname="tests.test_device_binding.TestDeviceBinding" name="test_different_device_creates_pending" time="0.097" /><testcase classname="tests.test_device_binding.TestDeviceBinding" name="test_status_returns_pending_for_new_device" time="0.095" /><testcase classname="tests.test_device_binding.TestAdminReview" name="test_list_pending_shows_request" time="0.096" /><testcase classname="tests.test_device_binding.TestAdminReview" name="test_approve_sets_binding" time="0.327" /><testcase classname="tests.test_device_binding.TestAdminReview" name="test_approve_again_409" time="0.104" /><testcase classname="tests.test_device_binding.TestAdminReview" name="test_reject_fresh_request" time="0.386" /><testcase classname="tests.test_device_binding.TestResetDevice" name="test_reset_clears_binding_and_cancels_pending" time="0.401" /><testcase classname="tests.test_device_binding.TestLogoutLock" name="test_toggle_logout_enabled" time="0.410" /><testcase classname="tests.test_device_binding.TestLogoutLock" name="test_owner_bypass_device_binding" time="0.099" /><testcase classname="tests.test_device_binding" name="test_employees_list_shape" time="0.293" /></testsuite></testsuites>