<?xml version="1.0" encoding="utf-8"?><testsuites name="pytest tests"><testsuite name="pytest" errors="0" failures="0" skipped="0" tests="17" time="24.852" timestamp="2026-08-10T02:34:27.987293+00:00" hostname="agent-env-09f03cc0-3c79-472f-8ec9-89bdb816afdf"><testcase classname="tests.test_selfie_retry_iter27.TestSelfieRetry" name="test_single_mismatch_keeps_challenge_pending" time="3.227" /><testcase classname="tests.test_selfie_retry_iter27.TestSelfieRetry" name="test_five_mismatches_terminal_missed_and_flagged" time="6.635" /><testcase classname="tests.test_selfie_retry_iter27.TestSelfieRetry" name="test_match_after_prior_mismatch_succeeds" time="3.647" /><testcase classname="tests.test_selfie_retry_iter27.TestSelfieRetry" name="test_response_window_expired_marks_expired" time="1.053" /><testcase classname="tests.test_selfie_retry_iter27.TestRegression" name="test_happy_path_no_baseline" time="0.490" /><testcase classname="tests.test_selfie_retry_iter27.TestRegression" name="test_admin_challenge_now_creates_pending" time="0.428" /><testcase classname="tests.test_face_match.TestFaceMatch" name="test_status_fresh_employee" time="1.236" /><testcase classname="tests.test_face_match.TestFaceMatch" name="test_enroll_valid_face" time="0.990" /><testcase classname="tests.test_face_match.TestFaceMatch" name="test_enroll_no_face_400" time="0.362" /><testcase classname="tests.test_face_match.TestFaceMatch" name="test_enroll_owner_forbidden" time="0.349" /><testcase classname="tests.test_face_match.TestFaceMatch" name="test_admin_reset_success" time="1.022" /><testcase classname="tests.test_face_match.TestFaceMatch" name="test_admin_reset_cross_tenant_404" time="0.340" /><testcase classname="tests.test_face_match.TestFaceMatch" name="test_admin_reset_invalid_id_400" time="0.334" /><testcase classname="tests.test_face_match.TestFaceMatch" name="test_reset_forbidden_for_employee" time="0.404" /><testcase classname="tests.test_face_match.TestFaceMatch" name="test_challenge_match_success" time="1.596" /><testcase classname="tests.test_face_match.TestFaceMatch" name="test_challenge_mismatch_flags_and_logs" time="2.114" /><testcase classname="tests.test_face_match.TestFaceMatch" name="test_challenge_no_baseline_backward_compat" time="0.557" /></testsuite></testsuites>