<?xml version="1.0" encoding="utf-8"?><testsuites name="pytest tests"><testsuite name="pytest" errors="0" failures="0" skipped="0" tests="8" time="8.897" timestamp="2026-08-08T17:41:45.441880+00:00" hostname="agent-env-09f03cc0-3c79-472f-8ec9-89bdb816afdf"><testcase classname="tests.test_gps_jitter_suppression" name="test_outside_coord_is_actually_outside" time="0.468" /><testcase classname="tests.test_gps_jitter_suppression.TestExitDebounceJitterSuppressed" name="test_jitter_no_phantom_out_in" time="1.348" /><testcase classname="tests.test_gps_jitter_suppression.TestExitDebounceSustainedExit" name="test_sustained_exit_backdated_pause" time="1.003" /><testcase classname="tests.test_gps_jitter_suppression.TestImpossibleSpeedFilterRejectsTeleport" name="test_teleport_rejected_state_unchanged" time="0.926" /><testcase classname="tests.test_inside_time_double_count_fix.TestActiveInsideAccrualNoDoubleCount" name="test_no_double_count_on_sustained_outside_pause" time="1.838" /><testcase classname="tests.test_inside_time_double_count_fix.TestActiveInsideAccrualNoDoubleCount" name="test_resume_incremental_accrual_continues" time="1.312" /><testcase classname="tests.test_inside_time_double_count_fix.TestOfflineBatchReplayAccrual" name="test_batch_accrual_and_idempotent_replay" time="0.914" /><testcase classname="tests.test_inside_time_double_count_fix.TestCoverageGapExcluded" name="test_coverage_gap_excludes_time" time="1.009" /></testsuite></testsuites>