<?xml version="1.0" encoding="utf-8"?><testsuites name="pytest tests"><testsuite name="pytest" errors="0" failures="0" skipped="0" tests="21" time="21.480" timestamp="2026-08-10T02:34:01.316489+00:00" hostname="agent-env-09f03cc0-3c79-472f-8ec9-89bdb816afdf"><testcase classname="tests.test_active_liveness_unit" name="test_blink_pass" time="0.000" /><testcase classname="tests.test_active_liveness_unit" name="test_blink_fail_no_closure" time="0.000" /><testcase classname="tests.test_active_liveness_unit" name="test_blink_fail_eyes_not_open_first_frame" time="0.000" /><testcase classname="tests.test_active_liveness_unit" name="test_blink_fail_same_frame_no_drop" time="0.000" /><testcase classname="tests.test_active_liveness_unit" name="test_turn_left_pass" time="0.000" /><testcase classname="tests.test_active_liveness_unit" name="test_turn_right_pass_negative_yaw" time="0.000" /><testcase classname="tests.test_active_liveness_unit" name="test_turn_fail_no_movement" time="0.000" /><testcase classname="tests.test_active_liveness_unit" name="test_invalid_action" time="0.000" /><testcase classname="tests.test_active_liveness_unit" name="test_ear_math_open_vs_closed" time="0.000" /><testcase classname="tests.test_active_liveness_unit" name="test_thresholds_sane" time="0.000" /><testcase classname="tests.test_active_liveness_iter28.TestActiveLiveness2FrameContract" name="test_missing_liveness_frame_returns_400_no_attempt" time="2.125" /><testcase classname="tests.test_active_liveness_iter28.TestActiveLivenessFailureCap" name="test_liveness_fail_counts_as_attempt" time="2.626" /><testcase classname="tests.test_active_liveness_iter28.TestActiveLivenessFailureCap" name="test_five_liveness_fails_terminal" time="9.422" /><testcase classname="tests.test_active_liveness_iter28.TestMatchFirstBeforeLiveness" name="test_mismatch_reported_first" time="2.094" /><testcase classname="tests.test_active_liveness_iter28.TestAutoTimeout" name="test_timeout_window_not_expired_400" time="0.480" /><testcase classname="tests.test_active_liveness_iter28.TestAutoTimeout" name="test_timeout_after_window_expires" time="0.494" /><testcase classname="tests.test_active_liveness_iter28.TestAutoTimeout" name="test_timeout_missing_challenge_404" time="0.422" /><testcase classname="tests.test_active_liveness_iter28.TestServerTickExpiry" name="test_tick_expires_and_logs_security_event" time="0.455" /><testcase classname="tests.test_active_liveness_iter28.TestLivenessActionSurfaced" name="test_liveness_action_in_me_active_challenge" time="0.425" /><testcase classname="tests.test_active_liveness_iter28.TestLivenessActionSurfaced" name="test_liveness_action_in_live_and_challenge_now" time="0.460" /><testcase classname="tests.test_active_liveness_iter28.TestAnalyzeFramesDirect" name="test_same_neutral_image_blink_fails" time="1.414" /></testsuite></testsuites>