<?xml version="1.0" encoding="utf-8"?><testsuites name="pytest tests"><testsuite name="pytest" errors="0" failures="0" skipped="0" tests="16" time="20.598" timestamp="2026-08-14T13:51:31.898611+00:00" hostname="agent-env-e29830cb-dfea-4155-b79a-f0ae7798cf53"><testcase classname="tests.test_offline_selfie_sync.TestSelfieSyncBasics" name="test_missed_draft_records_and_processed_one" time="2.380" /><testcase classname="tests.test_offline_selfie_sync.TestSelfieSyncBasics" name="test_idempotency_same_client_selfie_id_returns_duplicate" time="0.695" /><testcase classname="tests.test_offline_selfie_sync.TestSelfieSyncFaceMatch" name="test_captured_matching_baseline_verified" time="2.035" /><testcase classname="tests.test_offline_selfie_sync.TestSelfieSyncFaceMatch" name="test_captured_mismatch_flagged" time="2.377" /><testcase classname="tests.test_offline_selfie_sync.TestSelfieSyncFaceMatch" name="test_mismatch_flags_active_session" time="2.606" /><testcase classname="tests.test_offline_selfie_sync.TestReconcile" name="test_reconcile_returns_selfie_config_and_schedule" time="0.618" /><testcase classname="tests.test_offline_selfie_sync.TestAdminOfflineSelfies" name="test_admin_list_all" time="0.708" /><testcase classname="tests.test_offline_selfie_sync.TestAdminOfflineSelfies" name="test_admin_filter_missed" time="0.682" /><testcase classname="tests.test_offline_selfie_sync.TestAdminOfflineSelfies" name="test_admin_filter_flagged_covers_multiple" time="0.708" /><testcase classname="tests.test_offline_selfie_sync.TestAdminOfflineSelfies" name="test_admin_get_photo_of_captured" time="2.146" /><testcase classname="tests.test_offline_selfie_sync.TestAdminOfflineSelfies" name="test_admin_get_photo_404_for_missed" time="0.678" /><testcase classname="tests.test_offline_selfie_sync.TestAdminOfflineSelfies" name="test_admin_review_marks_reviewed" time="0.863" /><testcase classname="tests.test_offline_selfie_sync.TestRoleIsolation" name="test_employee_cannot_list_offline_selfies" time="0.608" /><testcase classname="tests.test_offline_selfie_sync.TestRoleIsolation" name="test_employee_cannot_review" time="0.611" /><testcase classname="tests.test_offline_selfie_sync.TestRoleIsolation" name="test_employee_cannot_get_photo" time="0.641" /><testcase classname="tests.test_offline_selfie_sync.TestOnlineSelfieRegression" name="test_online_selfie_flow_still_works" time="2.145" /></testsuite></testsuites>