<?xml version="1.0" encoding="utf-8"?><testsuites name="pytest tests"><testsuite name="pytest" errors="0" failures="0" skipped="0" tests="9" time="12.892" timestamp="2026-09-22T19:52:20.105220+00:00" hostname="agent-env-89087f0d-2049-4e69-a270-a1460ff7184a"><testcase classname="tests.test_refresh_grace_iter33" name="test_login_and_me_employee" time="0.800" /><testcase classname="tests.test_refresh_grace_iter33" name="test_login_and_me_admin" time="0.521" /><testcase classname="tests.test_refresh_grace_iter33" name="test_refresh_rotation_chain" time="6.177" /><testcase classname="tests.test_refresh_grace_iter33" name="test_refresh_double_use_within_grace" time="0.690" /><testcase classname="tests.test_refresh_grace_iter33" name="test_refresh_concurrent_burst_all_200" time="2.087" /><testcase classname="tests.test_refresh_grace_iter33" name="test_logout_invalidates_refresh" time="0.686" /><testcase classname="tests.test_refresh_grace_iter33" name="test_refresh_invalid_token" time="0.568" /><testcase classname="tests.test_refresh_grace_iter33" name="test_refresh_missing_token" time="0.151" /><testcase classname="tests.test_refresh_grace_iter33" name="test_time_off_employee_then_admin_list" time="1.115" /></testsuite></testsuites>