<?xml version="1.0" encoding="utf-8"?><testsuites name="pytest tests"><testsuite name="pytest" errors="0" failures="0" skipped="0" tests="14" time="6.657" timestamp="2026-08-08T16:02:53.447654+00:00" hostname="agent-env-09f03cc0-3c79-472f-8ec9-89bdb816afdf"><testcase classname="tests.test_colleague_gaps.TestMeFaceEnrolled" name="test_admin_me_has_face_enrolled_bool" time="0.704" /><testcase classname="tests.test_colleague_gaps.TestMeFaceEnrolled" name="test_employee_me_has_face_enrolled_false" time="0.455" /><testcase classname="tests.test_colleague_gaps.TestColleagueCheckin" name="test_no_face_baseline_blocks" time="0.104" /><testcase classname="tests.test_colleague_gaps.TestColleagueCheckin" name="test_unknown_email_404" time="0.114" /><testcase classname="tests.test_colleague_gaps.TestColleagueCheckin" name="test_self_checkin_blocked" time="0.099" /><testcase classname="tests.test_colleague_gaps.TestColleagueCheckin" name="test_far_outside_office_403" time="0.102" /><testcase classname="tests.test_colleague_gaps.TestGapsListAuth" name="test_employee_cannot_list_gaps" time="0.097" /><testcase classname="tests.test_colleague_gaps.TestGapsListAuth" name="test_admin_can_list_gaps" time="0.115" /><testcase classname="tests.test_colleague_gaps.TestCoverageGapCreation" name="test_gap_has_expected_fields" time="1.008" /><testcase classname="tests.test_colleague_gaps.TestCoverageGapCreation" name="test_session_excludes_gap_time" time="0.104" /><testcase classname="tests.test_colleague_gaps.TestGapReason" name="test_attaches_note_to_pending" time="0.099" /><testcase classname="tests.test_colleague_gaps.TestGapReason" name="test_404_when_no_pending_left" time="0.443" /><testcase classname="tests.test_colleague_gaps.TestGapDecision" name="test_approve_recredits_and_double_approve_409" time="1.421" /><testcase classname="tests.test_colleague_gaps.TestGapDecision" name="test_reject_sets_status" time="1.718" /></testsuite></testsuites>