<?xml version="1.0" encoding="utf-8"?><testsuites name="pytest tests"><testsuite name="pytest" errors="0" failures="0" skipped="0" tests="6" time="15.650" timestamp="2026-08-10T02:08:04.209640+00:00" hostname="agent-env-09f03cc0-3c79-472f-8ec9-89bdb816afdf"><testcase classname="tests.test_selfie_retry_iter27.TestSelfieRetry" name="test_single_mismatch_keeps_challenge_pending" time="3.226" /><testcase classname="tests.test_selfie_retry_iter27.TestSelfieRetry" name="test_five_mismatches_terminal_missed_and_flagged" time="6.617" /><testcase classname="tests.test_selfie_retry_iter27.TestSelfieRetry" name="test_match_after_prior_mismatch_succeeds" time="3.647" /><testcase classname="tests.test_selfie_retry_iter27.TestSelfieRetry" name="test_response_window_expired_marks_expired" time="1.105" /><testcase classname="tests.test_selfie_retry_iter27.TestRegression" name="test_happy_path_no_baseline" time="0.563" /><testcase classname="tests.test_selfie_retry_iter27.TestRegression" name="test_admin_challenge_now_creates_pending" time="0.439" /></testsuite></testsuites>