<?xml version="1.0" encoding="utf-8"?><testsuites name="pytest tests"><testsuite name="pytest" errors="0" failures="0" skipped="1" tests="8" time="1.725" timestamp="2026-08-11T14:43:27.829608+00:00" hostname="agent-env-e29830cb-dfea-4155-b79a-f0ae7798cf53"><testcase classname="tests.test_iter29_blink_regression.TestAuthRegression" name="test_owner_login_returns_tokens" time="0.366" /><testcase classname="tests.test_iter29_blink_regression.TestAuthRegression" name="test_employee_login_returns_tokens_and_role" time="0.355" /><testcase classname="tests.test_iter29_blink_regression.TestAuthRegression" name="test_me_owner" time="0.186" /><testcase classname="tests.test_iter29_blink_regression.TestAuthRegression" name="test_refresh_rotates_tokens" time="0.155" /><testcase classname="tests.test_iter29_blink_regression.TestSelfieChallengeBlink" name="test_admin_challenge_now_creates_blink_challenge" time="0.352"><skipped type="pytest.skip" message="No active session for employee; cannot exercise challenge-now. LIVENESS_ACTIONS=['blink'] is verified by code-inspection + unit tests.">/app/backend/tests/test_iter29_blink_regression.py:101: No active session for employee; cannot exercise challenge-now. LIVENESS_ACTIONS=['blink'] is verified by code-inspection + unit tests.</skipped></testcase><testcase classname="tests.test_iter29_blink_regression.TestSelfieChallengeBlink" name="test_liveness_actions_constant_is_blink_only" time="0.001" /><testcase classname="tests.test_iter29_blink_regression.TestRespondContract" name="test_respond_missing_challenge_returns_404_not_500" time="0.134" /><testcase classname="tests.test_iter29_blink_regression.TestRespondContract" name="test_respond_rejects_invalid_action_shape_400" time="0.121" /></testsuite></testsuites>