<?xml version="1.0" encoding="utf-8"?><testsuites name="pytest tests"><testsuite name="pytest" errors="0" failures="0" skipped="0" tests="3" time="1.662" timestamp="2026-08-15T20:04:35.464326+00:00" hostname="agent-env-e29830cb-dfea-4155-b79a-f0ae7798cf53"><testcase classname="tests.test_auth_regression_iter31" name="test_owner_login_success" time="0.528" /><testcase classname="tests.test_auth_regression_iter31" name="test_employee_login_success" time="0.480" /><testcase classname="tests.test_auth_regression_iter31" name="test_wrong_password_not_500" time="0.330" /></testsuite></testsuites>