<?xml version="1.0" encoding="utf-8"?><testsuites name="pytest tests"><testsuite name="pytest" errors="0" failures="0" skipped="0" tests="20" time="3.440" timestamp="2026-03-22T04:01:17.731051+00:00" hostname="agent-env-25196972-c419-4596-8f14-9f73cea1d022"><testcase classname="backend.tests.test_led_billboard.TestLEDBillboardAPIs" name="test_get_states_empty_or_list" time="0.184" /><testcase classname="backend.tests.test_led_billboard.TestLEDBillboardAPIs" name="test_create_state_requires_auth" time="0.110" /><testcase classname="backend.tests.test_led_billboard.TestLEDBillboardAPIs" name="test_create_state_success" time="0.533" /><testcase classname="backend.tests.test_led_billboard.TestLEDBillboardAPIs" name="test_update_state" time="0.113" /><testcase classname="backend.tests.test_led_billboard.TestLEDBillboardAPIs" name="test_get_sizes_empty_or_list" time="0.096" /><testcase classname="backend.tests.test_led_billboard.TestLEDBillboardAPIs" name="test_create_size_requires_auth" time="0.150" /><testcase classname="backend.tests.test_led_billboard.TestLEDBillboardAPIs" name="test_create_size_success" time="0.123" /><testcase classname="backend.tests.test_led_billboard.TestLEDBillboardAPIs" name="test_update_size" time="0.125" /><testcase classname="backend.tests.test_led_billboard.TestLEDBillboardAPIs" name="test_get_packages_empty_or_list" time="0.101" /><testcase classname="backend.tests.test_led_billboard.TestLEDBillboardAPIs" name="test_create_package_requires_auth" time="0.097" /><testcase classname="backend.tests.test_led_billboard.TestLEDBillboardAPIs" name="test_create_package_success" time="0.105" /><testcase classname="backend.tests.test_led_billboard.TestLEDBillboardAPIs" name="test_get_packages_with_filters" time="0.212" /><testcase classname="backend.tests.test_led_billboard.TestLEDBillboardAPIs" name="test_update_package" time="0.169" /><testcase classname="backend.tests.test_led_billboard.TestLEDBillboardAPIs" name="test_delete_package" time="0.120" /><testcase classname="backend.tests.test_led_billboard.TestLEDBillboardAPIs" name="test_delete_size" time="0.099" /><testcase classname="backend.tests.test_led_billboard.TestLEDBillboardAPIs" name="test_delete_state" time="0.109" /><testcase classname="backend.tests.test_led_billboard.TestLEDBillboardValidation" name="test_create_package_invalid_state_id" time="0.568" /><testcase classname="backend.tests.test_led_billboard.TestLEDBillboardValidation" name="test_delete_nonexistent_state" time="0.103" /><testcase classname="backend.tests.test_led_billboard.TestLEDBillboardValidation" name="test_delete_nonexistent_size" time="0.099" /><testcase classname="backend.tests.test_led_billboard.TestLEDBillboardValidation" name="test_delete_nonexistent_package" time="0.103" /></testsuite></testsuites>