<?xml version="1.0" encoding="utf-8"?><testsuites name="pytest tests"><testsuite name="pytest" errors="0" failures="0" skipped="0" tests="8" time="3.645" timestamp="2026-03-22T05:18:03.994936+00:00" hostname="agent-env-25196972-c419-4596-8f14-9f73cea1d022"><testcase classname="backend.tests.test_led_billboard_order.TestLEDBillboardOrderFlow" name="test_get_led_states" time="0.456" /><testcase classname="backend.tests.test_led_billboard_order.TestLEDBillboardOrderFlow" name="test_get_led_sizes" time="0.387" /><testcase classname="backend.tests.test_led_billboard_order.TestLEDBillboardOrderFlow" name="test_get_led_packages_with_filters" time="0.472" /><testcase classname="backend.tests.test_led_billboard_order.TestLEDBillboardOrderFlow" name="test_create_led_billboard_order" time="0.396" /><testcase classname="backend.tests.test_led_billboard_order.TestLEDBillboardOrderFlow" name="test_verify_order_persisted" time="0.455" /><testcase classname="backend.tests.test_led_billboard_order.TestLEDBillboardOrderFlow" name="test_order_appears_in_user_orders" time="0.536" /><testcase classname="backend.tests.test_led_billboard_order.TestLEDBillboardOrderEdgeCases" name="test_led_billboard_order_without_package_price" time="0.416" /><testcase classname="backend.tests.test_led_billboard_order.TestLEDBillboardOrderEdgeCases" name="test_led_billboard_order_with_cash_payment" time="0.419" /></testsuite></testsuites>