<?xml version="1.0" encoding="utf-8"?><testsuites name="pytest tests"><testsuite name="pytest" errors="0" failures="0" skipped="0" tests="13" time="8.219" timestamp="2026-03-23T02:32:21.507322+00:00" hostname="agent-env-25196972-c419-4596-8f14-9f73cea1d022"><testcase classname="backend.tests.test_messaging_tracking.TestMessagingAndTracking" name="test_get_conversations_success" time="1.051" /><testcase classname="backend.tests.test_messaging_tracking.TestMessagingAndTracking" name="test_get_conversations_unauthorized" time="0.607" /><testcase classname="backend.tests.test_messaging_tracking.TestMessagingAndTracking" name="test_conversations_sorted_by_recent" time="0.687" /><testcase classname="backend.tests.test_messaging_tracking.TestMessagingAndTracking" name="test_mark_messages_read_success" time="0.585" /><testcase classname="backend.tests.test_messaging_tracking.TestMessagingAndTracking" name="test_mark_messages_read_unauthorized" time="0.568" /><testcase classname="backend.tests.test_messaging_tracking.TestMessagingAndTracking" name="test_get_order_tracking_success" time="0.584" /><testcase classname="backend.tests.test_messaging_tracking.TestMessagingAndTracking" name="test_get_order_tracking_not_found" time="0.546" /><testcase classname="backend.tests.test_messaging_tracking.TestMessagingAndTracking" name="test_get_order_tracking_unauthorized" time="0.580" /><testcase classname="backend.tests.test_messaging_tracking.TestMessagingAndTracking" name="test_order_tracking_timeline_has_placed_status" time="0.575" /><testcase classname="backend.tests.test_messaging_tracking.TestMessagingAndTracking" name="test_send_message_success" time="0.565" /><testcase classname="backend.tests.test_messaging_tracking.TestMessagingAndTracking" name="test_send_message_unauthorized" time="0.583" /><testcase classname="backend.tests.test_messaging_tracking.TestMessagingAndTracking" name="test_get_messages_for_order" time="0.595" /><testcase classname="backend.tests.test_messaging_tracking.TestConsultationTracking" name="test_get_consultation_tracking" time="0.571" /></testsuite></testsuites>