<?xml version="1.0" encoding="utf-8"?><testsuites name="pytest tests"><testsuite name="pytest" errors="0" failures="0" skipped="0" tests="8" time="3.604" timestamp="2026-03-18T21:55:44.175871+00:00" hostname="agent-env-25196972-c419-4596-8f14-9f73cea1d022"><testcase classname="backend.tests.test_packages_fix.TestInfluencerPackages" name="test_influencer_detail_returns_packages" time="0.277" /><testcase classname="backend.tests.test_packages_fix.TestDigitalAdsPackages" name="test_digital_ad_facebook_returns_packages" time="0.246" /><testcase classname="backend.tests.test_packages_fix.TestDigitalAdsPackages" name="test_digital_ad_instagram_returns_packages" time="0.156" /><testcase classname="backend.tests.test_packages_fix.TestBillboardPricing" name="test_billboard_detail_returns_pricing_by_state" time="0.252" /><testcase classname="backend.tests.test_packages_fix.TestBillboardPricing" name="test_billboard_list_includes_pricing" time="0.158" /><testcase classname="backend.tests.test_packages_fix.TestAdminPackagePreservation" name="test_admin_can_fetch_influencer_with_packages" time="0.483" /><testcase classname="backend.tests.test_packages_fix.TestAdminPackagePreservation" name="test_admin_edit_preserves_packages" time="0.898" /><testcase classname="backend.tests.test_packages_fix.TestAdminPackagePreservation" name="test_admin_can_add_new_package" time="0.948" /></testsuite></testsuites>