<?xml version="1.0" encoding="utf-8"?><testsuites name="pytest tests"><testsuite name="pytest" errors="0" failures="0" skipped="0" tests="8" time="10.959" timestamp="2026-08-16T17:35:12.608282+00:00" hostname="agent-env-e29830cb-dfea-4155-b79a-f0ae7798cf53"><testcase classname="tests.test_proxy_session_refresh" name="test_health_check" time="0.266" /><testcase classname="tests.test_proxy_session_refresh" name="test_login_admin" time="0.407" /><testcase classname="tests.test_proxy_session_refresh" name="test_proxy_checkin_creates_active_sessions" time="3.890" /><testcase classname="tests.test_proxy_session_refresh" name="test_duplicate_checkin_returns_409" time="0.157" /><testcase classname="tests.test_proxy_session_refresh" name="test_location_fix_refreshes_all_proxy_sessions" time="1.335" /><testcase classname="tests.test_proxy_session_refresh" name="test_isolation_other_users_fix_does_not_refresh_proxies" time="1.323" /><testcase classname="tests.test_proxy_session_refresh" name="test_regression_own_session_live_location_updates" time="1.358" /><testcase classname="tests.test_proxy_session_refresh" name="test_admin_live_sessions_shows_both_proxies_fresh" time="1.443" /></testsuite></testsuites>