<?xml version="1.0" encoding="utf-8"?><testsuites name="pytest tests"><testsuite name="pytest" errors="0" failures="0" skipped="0" tests="20" time="14.066" timestamp="2026-08-06T02:26:59.634383+00:00" hostname="agent-env-a13556a5-fd33-4f8c-bfba-74c530cd6e8c"><testcase classname="tests.test_auth_token_in_body" name="test_login_returns_tokens_in_body_and_sets_cookies" time="2.127" /><testcase classname="tests.test_auth_token_in_body" name="test_login_works_for_employee_too" time="0.251" /><testcase classname="tests.test_auth_token_in_body" name="test_bearer_token_from_body_authorizes_me_and_mobile" time="0.496" /><testcase classname="tests.test_auth_token_in_body" name="test_refresh_via_body_rotates_and_old_token_revoked" time="0.367" /><testcase classname="tests.test_auth_token_in_body" name="test_refresh_via_cookie_still_works_web_dashboard" time="0.269" /><testcase classname="tests.test_auth_token_in_body" name="test_logout_with_body_refresh_token_revokes_and_ends_session" time="0.296" /><testcase classname="tests.test_auth_token_in_body" name="test_web_cookie_flow_regression_admin_endpoints" time="0.602" /><testcase classname="tests.test_auth_token_in_body" name="test_duplicate_employee_returns_409_with_reason" time="0.345" /><testcase classname="tests.test_auth_token_in_body" name="test_mock_location_soft_flag_session_starts_and_event_logged" time="1.084" /><testcase classname="tests.test_auth_token_in_body" name="test_mobile_sync_bulk_via_bearer" time="1.044" /><testcase classname="tests.test_mobile_phase0" name="test_register_device_upsert_and_list_and_delete" time="0.517" /><testcase classname="tests.test_mobile_phase0" name="test_heartbeat_404_when_unregistered" time="0.294" /><testcase classname="tests.test_mobile_phase0" name="test_heartbeat_updates_registered_device" time="0.383" /><testcase classname="tests.test_mobile_phase0" name="test_geofence_enter_starts_session_and_exit_pauses_and_dup_idempotent" time="0.914" /><testcase classname="tests.test_mobile_phase0" name="test_bulk_sync_orders_events_by_ts_ms" time="0.690" /><testcase classname="tests.test_mobile_phase0" name="test_mock_location_flags_but_still_starts_session" time="0.701" /><testcase classname="tests.test_mobile_phase0" name="test_reconcile_no_session_shape" time="0.596" /><testcase classname="tests.test_mobile_phase0" name="test_challenge_now_uses_push_stub" time="0.699" /><testcase classname="tests.test_bugfixes_5aug" name="test_duplicate_employee_returns_specific_409" time="0.341" /><testcase classname="tests.test_bugfixes_5aug" name="test_low_accuracy_ping_far_outside_still_pauses" time="1.924" /></testsuite></testsuites>