<?xml version="1.0" encoding="utf-8"?><testsuites name="pytest tests"><testsuite name="pytest" errors="0" failures="0" skipped="1" tests="176" time="79.309" timestamp="2026-08-07T02:04:41.749748+00:00" hostname="agent-env-a13556a5-fd33-4f8c-bfba-74c530cd6e8c"><testcase classname="" name="tests.test_phase5_mobile_regression" time="0.000"><skipped message="collection skipped">('/app/backend/tests/test_phase5_mobile_regression.py', 9, 'Skipped: no BASE')</skipped></testcase><testcase classname="tests.test_admin_nudge" name="test_nudge_valid_employee_returns_200" time="0.392" /><testcase classname="tests.test_admin_nudge" name="test_nudge_nonexistent_user_returns_404" time="0.301" /><testcase classname="tests.test_admin_nudge" name="test_nudge_non_admin_returns_403" time="0.339" /><testcase classname="tests.test_admin_nudge" name="test_nudge_custom_title_body_truncation_accepted" time="0.339" /><testcase classname="tests.test_admin_nudge" name="test_nudge_cross_org_isolation_returns_404" time="0.535" /><testcase classname="tests.test_auth_token_in_body" name="test_login_returns_tokens_in_body_and_sets_cookies" time="0.250" /><testcase classname="tests.test_auth_token_in_body" name="test_login_works_for_employee_too" time="0.251" /><testcase classname="tests.test_auth_token_in_body" name="test_bearer_token_from_body_authorizes_me_and_mobile" time="0.484" /><testcase classname="tests.test_auth_token_in_body" name="test_refresh_via_body_rotates_and_old_token_revoked" time="0.372" /><testcase classname="tests.test_auth_token_in_body" name="test_refresh_via_cookie_still_works_web_dashboard" time="0.268" /><testcase classname="tests.test_auth_token_in_body" name="test_logout_with_body_refresh_token_revokes_and_ends_session" time="0.297" /><testcase classname="tests.test_auth_token_in_body" name="test_web_cookie_flow_regression_admin_endpoints" time="0.570" /><testcase classname="tests.test_auth_token_in_body" name="test_duplicate_employee_returns_409_with_reason" time="0.342" /><testcase classname="tests.test_auth_token_in_body" name="test_mock_location_soft_flag_session_starts_and_event_logged" time="1.171" /><testcase classname="tests.test_auth_token_in_body" name="test_mobile_sync_bulk_via_bearer" time="1.018" /><testcase classname="tests.test_auto_start.TestAutoStartAndChallenges" name="test_settings_persist" time="1.247" /><testcase classname="tests.test_auto_start.TestAutoStartAndChallenges" name="test_auto_start_disabled" time="0.278" /><testcase classname="tests.test_auto_start.TestAutoStartAndChallenges" name="test_auto_start_outside_geofence" time="0.234" /><testcase classname="tests.test_auto_start.TestAutoStartAndChallenges" name="test_auto_start_low_accuracy" time="0.246" /><testcase classname="tests.test_auto_start.TestAutoStartAndChallenges" name="test_auto_start_success_and_challenges_count" time="0.321" /><testcase classname="tests.test_auto_start.TestAutoStartAndChallenges" name="test_auto_start_already_active" time="0.299" /><testcase classname="tests.test_auto_start.TestAutoStartAndChallenges" name="test_auto_start_time_off_blocks" time="0.350" /><testcase classname="tests.test_auto_start.TestAutoStartAndChallenges" name="test_challenge_triggers_via_ping" time="0.290" /><testcase classname="tests.test_auto_start.TestAutoStartAndChallenges" name="test_challenge_respond_success_and_photo" time="0.578" /><testcase classname="tests.test_auto_start.TestAutoStartAndChallenges" name="test_challenge_respond_unknown_id" time="0.297" /><testcase classname="tests.test_auto_start.TestAutoStartAndChallenges" name="test_challenge_respond_after_deadline" time="0.355" /><testcase classname="tests.test_auto_start.TestAutoStartAndChallenges" name="test_challenge_expiry_via_ping_logs_event" time="2.652" /><testcase classname="tests.test_auto_start.TestAutoStartAndChallenges" name="test_fixed_mode_uses_configured_time" time="0.319" /><testcase classname="tests.test_auto_start.TestAutoStartAndChallenges" name="test_regression_manual_start_and_challenges" time="0.301" /><testcase classname="tests.test_auto_start.TestAutoStartAndChallenges" name="test_regression_manual_start_outside" time="0.300" /><testcase classname="tests.test_backend" name="test_api_root" time="0.179" /><testcase classname="tests.test_backend.TestSeedCleanup" name="test_no_times_square_office" time="0.417" /><testcase classname="tests.test_backend.TestSeedCleanup" name="test_sample_employee_exists_and_unassigned" time="0.052" /><testcase classname="tests.test_backend.TestAuth" name="test_login_owner_and_me" time="0.051" /><testcase classname="tests.test_backend.TestAuth" name="test_login_wrong_password" time="0.325" /><testcase classname="tests.test_backend.TestAuth" name="test_register_org_new" time="0.334" /><testcase classname="tests.test_backend.TestAuth" name="test_register_duplicate" time="0.142" /><testcase classname="tests.test_backend.TestAuth" name="test_refresh_rotates_token" time="0.600" /><testcase classname="tests.test_backend.TestAuth" name="test_refresh_same_second_produces_distinct_access_tokens" time="0.480" /><testcase classname="tests.test_backend.TestAuth" name="test_logout_clears_cookies" time="0.434" /><testcase classname="tests.test_backend.TestAuth" name="test_forgot_password_unknown_shape_exact" time="0.099" /><testcase classname="tests.test_backend.TestAuth" name="test_forgot_password_known_shape_exact" time="0.369" /><testcase classname="tests.test_backend.TestAuth" name="test_reset_password_invalid_token" time="0.103" /><testcase classname="tests.test_backend.TestOfficesCRUD" name="test_full_crud_nigerian_office" time="0.240" /><testcase classname="tests.test_backend.TestOfficesCRUD" name="test_employee_cannot_create_office" time="0.597" /><testcase classname="tests.test_backend.TestEmployees" name="test_owner_can_list" time="0.049" /><testcase classname="tests.test_backend.TestEmployees" name="test_employee_cannot_list" time="0.051" /><testcase classname="tests.test_backend.TestEmployees" name="test_reassign_employee_to_new_office" time="0.218" /><testcase classname="tests.test_backend.TestSessions" name="test_start_outside_geofence" time="0.098" /><testcase classname="tests.test_backend.TestSessions" name="test_start_success_and_remaining" time="0.130" /><testcase classname="tests.test_backend.TestSessions" name="test_ping_and_reset_writes_record" time="0.646" /><testcase classname="tests.test_backend.TestAttendance" name="test_hash_chain_across_two_resets" time="0.384" /><testcase classname="tests.test_backend.TestAttendance" name="test_csv_export" time="0.089" /><testcase classname="tests.test_backend.TestAttendance" name="test_pdf_export" time="0.279" /><testcase classname="tests.test_bugfixes_5aug" name="test_duplicate_employee_returns_specific_409" time="0.335" /><testcase classname="tests.test_bugfixes_5aug" name="test_low_accuracy_ping_far_outside_still_pauses" time="1.772" /><testcase classname="tests.test_challenge_flow" name="test_full_challenge_flow_auto_start_challenge_now_respond" time="1.757" /><testcase classname="tests.test_face_match.TestFaceMatch" name="test_status_fresh_employee" time="1.299" /><testcase classname="tests.test_face_match.TestFaceMatch" name="test_enroll_valid_face" time="1.050" /><testcase classname="tests.test_face_match.TestFaceMatch" name="test_enroll_no_face_400" time="0.327" /><testcase classname="tests.test_face_match.TestFaceMatch" name="test_enroll_owner_forbidden" time="0.349" /><testcase classname="tests.test_face_match.TestFaceMatch" name="test_admin_reset_success" time="1.053" /><testcase classname="tests.test_face_match.TestFaceMatch" name="test_admin_reset_cross_tenant_404" time="0.327" /><testcase classname="tests.test_face_match.TestFaceMatch" name="test_admin_reset_invalid_id_400" time="0.325" /><testcase classname="tests.test_face_match.TestFaceMatch" name="test_reset_forbidden_for_employee" time="0.331" /><testcase classname="tests.test_face_match.TestFaceMatch" name="test_challenge_match_success" time="1.621" /><testcase classname="tests.test_face_match.TestFaceMatch" name="test_challenge_mismatch_flags_and_logs" time="2.180" /><testcase classname="tests.test_face_match.TestFaceMatch" name="test_challenge_no_baseline_backward_compat" time="0.556" /><testcase classname="tests.test_me_schedule.TestMeSchedule" name="test_owner_me_schedule_is_null" time="0.407" /><testcase classname="tests.test_me_schedule.TestMeSchedule" name="test_me_returns_weekly_calendar_schedule" time="0.579" /><testcase classname="tests.test_me_schedule.TestMeSchedule" name="test_me_returns_fixed_hours_schedule" time="0.426" /><testcase classname="tests.test_me_schedule.TestMeSchedule" name="test_me_reflects_new_schedule_after_patch_and_relogin" time="0.894" /><testcase classname="tests.test_me_schedule.TestMeSchedule" name="test_sessions_start_open_window_returns_ms_until_close" time="0.533" /><testcase classname="tests.test_me_schedule.TestMeSchedule" name="test_sessions_start_before_shift_returns_403_starts_at" time="0.490" /><testcase classname="tests.test_me_schedule.TestMeSchedule" name="test_sessions_start_after_shift_returns_403_ended_at" time="0.463" /><testcase classname="tests.test_me_schedule.TestMeSchedule" name="test_sessions_start_off_day_returns_403_not_scheduled" time="0.596" /><testcase classname="tests.test_mobile_logout" name="test_mobile_logout_valid_refresh_returns_ok_and_revokes" time="0.301" /><testcase classname="tests.test_mobile_logout" name="test_mobile_logout_without_body_returns_400" time="0.047" /><testcase classname="tests.test_mobile_logout" name="test_mobile_logout_invalid_refresh_returns_401" time="0.023" /><testcase classname="tests.test_mobile_logout" name="test_mobile_logout_expired_refresh_returns_401" time="0.023" /><testcase classname="tests.test_mobile_logout" name="test_mobile_logout_no_auth_header_required" time="0.273" /><testcase classname="tests.test_mobile_logout" name="test_mobile_logout_is_idempotent" time="0.319" /><testcase classname="tests.test_mobile_logout" name="test_mobile_logout_ends_active_session_with_outcome_logout" time="1.257" /><testcase classname="tests.test_mobile_phase0" name="test_register_device_upsert_and_list_and_delete" time="0.441" /><testcase classname="tests.test_mobile_phase0" name="test_heartbeat_404_when_unregistered" time="0.292" /><testcase classname="tests.test_mobile_phase0" name="test_heartbeat_updates_registered_device" time="0.382" /><testcase classname="tests.test_mobile_phase0" name="test_geofence_enter_starts_session_and_exit_pauses_and_dup_idempotent" time="0.908" /><testcase classname="tests.test_mobile_phase0" name="test_bulk_sync_orders_events_by_ts_ms" time="0.684" /><testcase classname="tests.test_mobile_phase0" name="test_mock_location_flags_but_still_starts_session" time="0.688" /><testcase classname="tests.test_mobile_phase0" name="test_reconcile_no_session_shape" time="0.589" /><testcase classname="tests.test_mobile_phase0" name="test_challenge_now_uses_push_stub" time="0.712" /><testcase classname="tests.test_mobile_phase6" name="test_attestation_404_when_device_missing" time="0.315" /><testcase classname="tests.test_mobile_phase6" name="test_attestation_stub_accepted" time="0.336" /><testcase classname="tests.test_mobile_phase6" name="test_attestation_invalid_structure_flags_security_event" time="0.629" /><testcase classname="tests.test_mobile_phase6" name="test_attestation_jws_shape_accepted" time="0.336" /><testcase classname="tests.test_mobile_phase6" name="test_deadman_tick_requires_auth" time="0.024" /><testcase classname="tests.test_mobile_phase6" name="test_deadman_tick_wrong_secret_rejected" time="0.023" /><testcase classname="tests.test_mobile_phase6" name="test_deadman_sweep_pokes_stale_employee" time="2.213" /><testcase classname="tests.test_mobile_phase6" name="test_deadman_tick_happy_path_and_dedup" time="1.229" /><testcase classname="tests.test_no_autopause_on_ping_silence.TestNoAutoPauseOnPingSilence" name="test_session_does_not_auto_pause_on_ping_silence" time="0.569" /><testcase classname="tests.test_no_autopause_on_ping_silence.TestNoAutoPauseOnPingSilence" name="test_session_still_expires_after_full_resume_window" time="0.110" /><testcase classname="tests.test_phase_e2e_ingress" name="test_p1_login_returns_tokens_and_cookies" time="0.330" /><testcase classname="tests.test_phase_e2e_ingress" name="test_p1_refresh_body_mode" time="0.431" /><testcase classname="tests.test_phase_e2e_ingress" name="test_p1_me_bearer" time="0.103" /><testcase classname="tests.test_phase_e2e_ingress" name="test_p1_mobile_logout_accepts_expired_bearer" time="0.429" /><testcase classname="tests.test_phase_e2e_ingress" name="test_sec_mobile_requires_jwt[/api/mobile/register-device-POST-body0]" time="0.107" /><testcase classname="tests.test_phase_e2e_ingress" name="test_sec_mobile_requires_jwt[/api/mobile/devices-GET-None]" time="0.107" /><testcase classname="tests.test_phase_e2e_ingress" name="test_sec_mobile_requires_jwt[/api/mobile/geofence-event-POST-body2]" time="0.117" /><testcase classname="tests.test_phase_e2e_ingress" name="test_sec_mobile_requires_jwt[/api/mobile/sync-POST-body3]" time="0.113" /><testcase classname="tests.test_phase_e2e_ingress" name="test_sec_mobile_requires_jwt[/api/mobile/heartbeat-POST-body4]" time="0.106" /><testcase classname="tests.test_phase_e2e_ingress" name="test_sec_mobile_requires_jwt[/api/mobile/reconcile-GET-None]" time="0.106" /><testcase classname="tests.test_phase_e2e_ingress" name="test_sec_mobile_requires_jwt[/api/mobile/attestation-POST-body6]" time="0.100" /><testcase classname="tests.test_phase_e2e_ingress" name="test_p0_register_upsert_hides_push_token" time="0.346" /><testcase classname="tests.test_phase_e2e_ingress" name="test_p0_heartbeat_404_when_unregistered" time="0.101" /><testcase classname="tests.test_phase_e2e_ingress" name="test_p0_geofence_event_idempotent_and_reconcile" time="0.881" /><testcase classname="tests.test_phase_e2e_ingress" name="test_p0_multi_tenant_office_isolation" time="0.106" /><testcase classname="tests.test_phase_e2e_ingress" name="test_p4_sessions_live_enriched" time="0.110" /><testcase classname="tests.test_phase_e2e_ingress" name="test_p5_summary_and_records" time="0.262" /><testcase classname="tests.test_phase_e2e_ingress" name="test_p5_employees_dup_email" time="0.101" /><testcase classname="tests.test_phase_e2e_ingress" name="test_p4_offices_crud" time="0.317" /><testcase classname="tests.test_phase_e2e_ingress" name="test_p6_attestation_stub" time="0.102" /><testcase classname="tests.test_phase_e2e_ingress" name="test_p6_attestation_404_unregistered" time="0.150" /><testcase classname="tests.test_phase_e2e_ingress" name="test_p6_deadman_auth" time="0.314" /><testcase classname="tests.test_photos.TestPhotos" name="test_start_with_valid_face_photo" time="1.170" /><testcase classname="tests.test_photos.TestPhotos" name="test_start_without_face_photo" time="0.194" /><testcase classname="tests.test_photos.TestPhotos" name="test_start_with_malformed_base64" time="0.247" /><testcase classname="tests.test_photos.TestPhotos" name="test_start_with_undersized_photo" time="0.238" /><testcase classname="tests.test_photos.TestPhotos" name="test_get_unknown_session_returns_404" time="0.063" /><testcase classname="tests.test_photos.TestPhotos" name="test_get_photo_requires_auth" time="0.298" /><testcase classname="tests.test_photos.TestPhotos" name="test_tenant_isolation_photo" time="0.927" /><testcase classname="tests.test_photos.TestPhotos" name="test_live_endpoint_includes_has_photo" time="0.281" /><testcase classname="tests.test_photos.TestPhotos" name="test_live_endpoint_has_photo_false_when_no_photo" time="0.244" /><testcase classname="tests.test_photos.TestPhotos" name="test_photo_does_not_bypass_geofence" time="0.142" /><testcase classname="tests.test_photos.TestPhotos" name="test_photo_does_not_bypass_accuracy" time="0.144" /><testcase classname="tests.test_photos.TestPhotos" name="test_hash_chain_after_photo_session" time="0.271" /><testcase classname="tests.test_photos.TestPhotos" name="test_ws_broadcast_includes_has_photo" time="0.269" /><testcase classname="tests.test_schedule.TestSchedule" name="test_patch_schedule_fixed_hours_persists_and_lists" time="0.570" /><testcase classname="tests.test_schedule.TestSchedule" name="test_create_employee_with_schedule_persists" time="0.362" /><testcase classname="tests.test_schedule.TestSchedule" name="test_fixed_hours_start_returns_6h_remaining" time="0.610" /><testcase classname="tests.test_schedule.TestSchedule" name="test_any_mode_start_returns_org_default" time="0.192" /><testcase classname="tests.test_schedule.TestSchedule" name="test_weekly_calendar_off_day_denied" time="0.219" /><testcase classname="tests.test_schedule.TestSchedule" name="test_weekly_calendar_open_now_returns_time_until_close" time="0.244" /><testcase classname="tests.test_schedule.TestSchedule" name="test_weekly_calendar_past_close_denied" time="0.159" /><testcase classname="tests.test_schedule.TestSchedule" name="test_invalid_hhmm_regex_returns_422" time="0.045" /><testcase classname="tests.test_schedule.TestSchedule" name="test_fixed_hours_zero_returns_422" time="0.046" /><testcase classname="tests.test_schedule.TestSchedule" name="test_fixed_hours_over_24_returns_422" time="0.045" /><testcase classname="tests.test_schedule.TestSchedule" name="test_photo_and_schedule_coexist" time="0.251" /><testcase classname="tests.test_schedule.TestSchedule" name="test_schedule_denied_does_not_bypass_geofence_or_accuracy" time="0.197" /><testcase classname="tests.test_schedule.TestSchedule" name="test_ws_session_update_reflects_schedule_remaining" time="0.459" /><testcase classname="tests.test_time_off.TestTimeOff" name="test_00_clean_state" time="0.561" /><testcase classname="tests.test_time_off.TestTimeOff" name="test_employee_create_valid" time="0.571" /><testcase classname="tests.test_time_off.TestTimeOff" name="test_end_before_start_400" time="0.056" /><testcase classname="tests.test_time_off.TestTimeOff" name="test_start_in_past_400" time="0.052" /><testcase classname="tests.test_time_off.TestTimeOff" name="test_overlap_rejected" time="0.241" /><testcase classname="tests.test_time_off.TestTimeOff" name="test_owner_cannot_create" time="0.043" /><testcase classname="tests.test_time_off.TestTimeOff" name="test_employee_list_me" time="0.237" /><testcase classname="tests.test_time_off.TestTimeOff" name="test_admin_list_filter_pending_and_tenant_isolation" time="1.163" /><testcase classname="tests.test_time_off.TestTimeOff" name="test_approve_flow_and_audit_log" time="0.437" /><testcase classname="tests.test_time_off.TestTimeOff" name="test_deny_flow_and_audit_log" time="0.441" /><testcase classname="tests.test_time_off.TestTimeOff" name="test_pending_does_not_block_session_but_approved_does" time="0.573" /><testcase classname="tests.test_time_off.TestTimeOff" name="test_timeoff_beats_weekly_calendar" time="0.827" /><testcase classname="tests.test_time_off.TestTimeOff" name="test_today_endpoint" time="0.405" /><testcase classname="tests.test_time_off.TestTimeOff" name="test_employee_cancel_pending" time="0.195" /><testcase classname="tests.test_time_off.TestTimeOff" name="test_employee_cannot_cancel_approved" time="0.284" /><testcase classname="tests.test_time_off.TestTimeOff" name="test_employee_cannot_cancel_others_request" time="0.902" /><testcase classname="tests.test_time_off.TestTimeOff" name="test_404_on_missing_id" time="0.647" /><testcase classname="tests.test_websocket" name="test_ws_hello_with_valid_token" time="0.330" /><testcase classname="tests.test_websocket" name="test_ws_rejects_no_token" time="0.002" /><testcase classname="tests.test_websocket" name="test_ws_rejects_employee_role" time="0.521" /><testcase classname="tests.test_websocket" name="test_ws_push_on_session_start" time="0.100" /><testcase classname="tests.test_websocket" name="test_ws_push_on_ping" time="0.598" /><testcase classname="tests.test_websocket" name="test_ws_push_on_reset" time="0.496" /><testcase classname="tests.test_websocket" name="test_ws_push_on_force_expire" time="0.190" /><testcase classname="tests.test_websocket" name="test_ws_tenant_isolation" time="3.798" /><testcase classname="tests.test_websocket" name="test_live_endpoint_regression" time="0.144" /></testsuite></testsuites>