<?xml version="1.0" encoding="utf-8"?><testsuites name="pytest tests"><testsuite name="pytest" errors="0" failures="0" skipped="0" tests="33" time="18.139" timestamp="2026-08-06T02:58:41.743913+00:00" hostname="agent-env-a13556a5-fd33-4f8c-bfba-74c530cd6e8c"><testcase classname="tests.test_mobile_phase0" name="test_register_device_upsert_and_list_and_delete" time="1.327" /><testcase classname="tests.test_auth_token_in_body" name="test_login_returns_tokens_in_body_and_sets_cookies" time="0.606" /><testcase classname="tests.test_auth_token_in_body" name="test_login_works_for_employee_too" time="0.327" /><testcase classname="tests.test_auth_token_in_body" name="test_bearer_token_from_body_authorizes_me_and_mobile" time="1.097" /><testcase classname="tests.test_mobile_phase0" name="test_heartbeat_404_when_unregistered" time="0.373" /><testcase classname="tests.test_mobile_phase0" name="test_heartbeat_updates_registered_device" time="0.653" /><testcase classname="tests.test_auth_token_in_body" name="test_refresh_via_body_rotates_and_old_token_revoked" time="1.074" /><testcase classname="tests.test_mobile_phase0" name="test_geofence_enter_starts_session_and_exit_pauses_and_dup_idempotent" time="1.736" /><testcase classname="tests.test_auth_token_in_body" name="test_refresh_via_cookie_still_works_web_dashboard" time="0.479" /><testcase classname="tests.test_auth_token_in_body" name="test_logout_with_body_refresh_token_revokes_and_ends_session" time="0.567" /><testcase classname="tests.test_mobile_phase0" name="test_bulk_sync_orders_events_by_ts_ms" time="1.649" /><testcase classname="tests.test_auth_token_in_body" name="test_web_cookie_flow_regression_admin_endpoints" time="1.684" /><testcase classname="tests.test_mobile_phase0" name="test_mock_location_flags_but_still_starts_session" time="1.783" /><testcase classname="tests.test_auth_token_in_body" name="test_duplicate_employee_returns_409_with_reason" time="0.566" /><testcase classname="tests.test_auth_token_in_body" name="test_mock_location_soft_flag_session_starts_and_event_logged" time="2.024" /><testcase classname="tests.test_mobile_phase0" name="test_reconcile_no_session_shape" time="1.320" /><testcase classname="tests.test_auth_token_in_body" name="test_mobile_sync_bulk_via_bearer" time="1.608" /><testcase classname="tests.test_mobile_phase0" name="test_challenge_now_uses_push_stub" time="1.843" /><testcase classname="tests.test_mobile_logout" name="test_mobile_logout_valid_refresh_returns_ok_and_revokes" time="0.555" /><testcase classname="tests.test_mobile_logout" name="test_mobile_logout_without_body_returns_400" time="0.420" /><testcase classname="tests.test_mobile_logout" name="test_mobile_logout_invalid_refresh_returns_401" time="0.130" /><testcase classname="tests.test_phase5_mobile_regression.TestAttendance" name="test_summary_shape_ints" time="0.426" /><testcase classname="tests.test_phase5_mobile_regression.TestAttendance" name="test_records_shape" time="0.100" /><testcase classname="tests.test_mobile_logout" name="test_mobile_logout_expired_refresh_returns_401" time="0.151" /><testcase classname="tests.test_phase5_mobile_regression.TestAttendance" name="test_records_filter_by_user" time="0.215" /><testcase classname="tests.test_mobile_logout" name="test_mobile_logout_no_auth_header_required" time="0.711" /><testcase classname="tests.test_bugfixes_5aug" name="test_duplicate_employee_returns_specific_409" time="0.566" /><testcase classname="tests.test_bugfixes_5aug" name="test_low_accuracy_ping_far_outside_still_pauses" time="4.068" /><testcase classname="tests.test_mobile_logout" name="test_mobile_logout_is_idempotent" time="0.895" /><testcase classname="tests.test_mobile_logout" name="test_mobile_logout_ends_active_session_with_outcome_logout" time="1.845" /><testcase classname="tests.test_phase5_mobile_regression.TestMobileStaleOffice" name="test_stale_office_returns_400" time="1.192" /><testcase classname="tests.test_phase5_mobile_regression.TestEmployeesCRUD" name="test_create_list_delete_and_dup_409" time="1.176" /><testcase classname="tests.test_phase5_mobile_regression.TestOfficesCRUD" name="test_create_get_patch_delete" time="0.505" /></testsuite></testsuites>