<?xml version="1.0" encoding="utf-8"?><testsuites name="pytest tests"><testsuite name="pytest" errors="0" failures="0" skipped="0" tests="15" time="6.755" timestamp="2026-08-05T00:29:52.636602+00:00" hostname="agent-env-a13556a5-fd33-4f8c-bfba-74c530cd6e8c"><testcase classname="tests.test_auto_start.TestAutoStartAndChallenges" name="test_settings_persist" time="1.275" /><testcase classname="tests.test_auto_start.TestAutoStartAndChallenges" name="test_auto_start_disabled" time="0.283" /><testcase classname="tests.test_auto_start.TestAutoStartAndChallenges" name="test_auto_start_outside_geofence" time="0.239" /><testcase classname="tests.test_auto_start.TestAutoStartAndChallenges" name="test_auto_start_low_accuracy" time="0.242" /><testcase classname="tests.test_auto_start.TestAutoStartAndChallenges" name="test_auto_start_success_and_challenges_count" time="0.305" /><testcase classname="tests.test_auto_start.TestAutoStartAndChallenges" name="test_auto_start_already_active" time="0.339" /><testcase classname="tests.test_auto_start.TestAutoStartAndChallenges" name="test_auto_start_time_off_blocks" time="0.457" /><testcase classname="tests.test_auto_start.TestAutoStartAndChallenges" name="test_challenge_triggers_via_ping" time="0.343" /><testcase classname="tests.test_auto_start.TestAutoStartAndChallenges" name="test_challenge_respond_success_and_photo" time="0.394" /><testcase classname="tests.test_auto_start.TestAutoStartAndChallenges" name="test_challenge_respond_unknown_id" time="0.312" /><testcase classname="tests.test_auto_start.TestAutoStartAndChallenges" name="test_challenge_respond_after_deadline" time="0.388" /><testcase classname="tests.test_auto_start.TestAutoStartAndChallenges" name="test_challenge_expiry_via_ping_logs_event" time="0.549" /><testcase classname="tests.test_auto_start.TestAutoStartAndChallenges" name="test_fixed_mode_uses_configured_time" time="0.284" /><testcase classname="tests.test_auto_start.TestAutoStartAndChallenges" name="test_regression_manual_start_and_challenges" time="0.316" /><testcase classname="tests.test_auto_start.TestAutoStartAndChallenges" name="test_regression_manual_start_outside" time="0.290" /></testsuite></testsuites>