<?xml version="1.0" encoding="utf-8"?><testsuites name="pytest tests"><testsuite name="pytest" errors="0" failures="0" skipped="0" tests="11" time="10.665" timestamp="2026-08-05T01:05:26.506227+00:00" hostname="agent-env-a13556a5-fd33-4f8c-bfba-74c530cd6e8c"><testcase classname="tests.test_face_match.TestFaceMatch" name="test_status_fresh_employee" time="1.527" /><testcase classname="tests.test_face_match.TestFaceMatch" name="test_enroll_valid_face" time="1.028" /><testcase classname="tests.test_face_match.TestFaceMatch" name="test_enroll_no_face_400" time="0.332" /><testcase classname="tests.test_face_match.TestFaceMatch" name="test_enroll_owner_forbidden" time="0.346" /><testcase classname="tests.test_face_match.TestFaceMatch" name="test_admin_reset_success" time="1.088" /><testcase classname="tests.test_face_match.TestFaceMatch" name="test_admin_reset_cross_tenant_404" time="0.330" /><testcase classname="tests.test_face_match.TestFaceMatch" name="test_admin_reset_invalid_id_400" time="0.381" /><testcase classname="tests.test_face_match.TestFaceMatch" name="test_reset_forbidden_for_employee" time="0.348" /><testcase classname="tests.test_face_match.TestFaceMatch" name="test_challenge_match_success" time="1.706" /><testcase classname="tests.test_face_match.TestFaceMatch" name="test_challenge_mismatch_flags_and_logs" time="2.114" /><testcase classname="tests.test_face_match.TestFaceMatch" name="test_challenge_no_baseline_backward_compat" time="0.582" /></testsuite></testsuites>