<?xml version="1.0" encoding="utf-8"?><testsuites name="pytest tests"><testsuite name="pytest" errors="0" failures="2" skipped="0" tests="33" time="10.347" timestamp="2026-08-02T17:04:31.807995+00:00" hostname="agent-env-a13556a5-fd33-4f8c-bfba-74c530cd6e8c"><testcase classname="tests.test_backend.TestAuth" name="test_login_owner_and_me" time="0.631" /><testcase classname="tests.test_websocket" name="test_ws_hello_with_valid_token" time="0.592" /><testcase classname="tests.test_websocket" name="test_ws_rejects_no_token" time="0.003" /><testcase classname="tests.test_backend.TestAuth" name="test_login_wrong_password" time="0.333" /><testcase classname="tests.test_backend.TestAuth" name="test_register_org_new" time="0.388" /><testcase classname="tests.test_backend.TestAuth" name="test_register_duplicate" time="0.246" /><testcase classname="tests.test_backend.TestAuth" name="test_refresh_rotates_token" time="0.940" /><testcase classname="tests.test_websocket" name="test_ws_rejects_employee_role" time="1.065" /><testcase classname="tests.test_websocket" name="test_ws_push_on_session_start" time="0.132" /><testcase classname="tests.test_websocket" name="test_ws_push_on_ping" time="0.649" /><testcase classname="tests.test_websocket" name="test_ws_push_on_reset" time="0.509" /><testcase classname="tests.test_backend.TestAuth" name="test_refresh_same_second_produces_distinct_access_tokens" time="0.464" /><testcase classname="tests.test_websocket" name="test_ws_push_on_force_expire" time="0.390" /><testcase classname="tests.test_backend.TestAuth" name="test_logout_clears_cookies" time="0.659" /><testcase classname="tests.test_websocket" name="test_ws_tenant_isolation" time="3.875" /><testcase classname="tests.test_backend.TestAuth" name="test_forgot_password_unknown_shape_exact" time="0.106" /><testcase classname="tests.test_backend.TestAuth" name="test_forgot_password_known_shape_exact" time="0.562" /><testcase classname="tests.test_backend.TestAuth" name="test_reset_password_invalid_token" time="0.096" /><testcase classname="tests.test_backend.TestSessions" name="test_start_outside_geofence" time="0.668" /><testcase classname="tests.test_backend.TestSessions" name="test_start_success_and_remaining" time="0.130" /><testcase classname="tests.test_backend.TestSessions" name="test_ping_and_reset_writes_record" time="2.464"><failure message="assert 404 == 200&#10; +  where 404 = &lt;Response [404]&gt;.status_code">E   assert 404 == 200
     +  where 404 = &lt;Response [404]&gt;.status_code</failure></testcase><testcase classname="tests.test_websocket" name="test_live_endpoint_regression" time="0.116" /><testcase classname="tests.test_backend.TestAttendance" name="test_hash_chain_across_two_resets" time="2.000"><failure message="AssertionError: {&quot;detail&quot;:&quot;No office assigned&quot;}&#10;assert 400 == 200&#10; +  where 400 = &lt;Response [400]&gt;.status_code">E   AssertionError: {"detail":"No office assigned"}
    assert 400 == 200
     +  where 400 = &lt;Response [400]&gt;.status_code</failure></testcase><testcase classname="tests.test_backend.TestEmployees" name="test_owner_can_list" time="0.453" /><testcase classname="tests.test_backend.TestEmployees" name="test_employee_cannot_list" time="0.622" /><testcase classname="tests.test_backend.TestEmployees" name="test_reassign_employee_to_new_office" time="0.304" /><testcase classname="tests.test_backend.TestSeedCleanup" name="test_no_times_square_office" time="0.050" /><testcase classname="tests.test_backend.TestSeedCleanup" name="test_sample_employee_exists_and_unassigned" time="0.254" /><testcase classname="tests.test_backend.TestOfficesCRUD" name="test_full_crud_nigerian_office" time="0.271" /><testcase classname="tests.test_backend.TestOfficesCRUD" name="test_employee_cannot_create_office" time="0.045" /><testcase classname="tests.test_backend" name="test_api_root" time="0.150" /><testcase classname="tests.test_backend.TestAttendance" name="test_csv_export" time="0.053" /><testcase classname="tests.test_backend.TestAttendance" name="test_pdf_export" time="0.116" /></testsuite></testsuites>