<?xml version="1.0" encoding="utf-8"?><testsuites name="pytest tests"><testsuite name="pytest" errors="0" failures="0" skipped="0" tests="13" time="4.219" timestamp="2026-08-02T17:29:39.597810+00:00" hostname="agent-env-a13556a5-fd33-4f8c-bfba-74c530cd6e8c"><testcase classname="tests.test_schedule.TestSchedule" name="test_patch_schedule_fixed_hours_persists_and_lists" time="0.764" /><testcase classname="tests.test_schedule.TestSchedule" name="test_create_employee_with_schedule_persists" time="0.381" /><testcase classname="tests.test_schedule.TestSchedule" name="test_fixed_hours_start_returns_6h_remaining" time="0.670" /><testcase classname="tests.test_schedule.TestSchedule" name="test_any_mode_start_returns_org_default" time="0.189" /><testcase classname="tests.test_schedule.TestSchedule" name="test_weekly_calendar_off_day_denied" time="0.229" /><testcase classname="tests.test_schedule.TestSchedule" name="test_weekly_calendar_open_now_returns_time_until_close" time="0.236" /><testcase classname="tests.test_schedule.TestSchedule" name="test_weekly_calendar_past_close_denied" time="0.139" /><testcase classname="tests.test_schedule.TestSchedule" name="test_invalid_hhmm_regex_returns_422" time="0.048" /><testcase classname="tests.test_schedule.TestSchedule" name="test_fixed_hours_zero_returns_422" time="0.060" /><testcase classname="tests.test_schedule.TestSchedule" name="test_fixed_hours_over_24_returns_422" time="0.052" /><testcase classname="tests.test_schedule.TestSchedule" name="test_photo_and_schedule_coexist" time="0.271" /><testcase classname="tests.test_schedule.TestSchedule" name="test_schedule_denied_does_not_bypass_geofence_or_accuracy" time="0.227" /><testcase classname="tests.test_schedule.TestSchedule" name="test_ws_session_update_reflects_schedule_remaining" time="0.453" /></testsuite></testsuites>