<?xml version="1.0" encoding="utf-8"?><testsuites name="pytest tests"><testsuite name="pytest" errors="0" failures="4" skipped="0" tests="99" time="28.191" timestamp="2026-08-05T00:30:04.008956+00:00" hostname="agent-env-a13556a5-fd33-4f8c-bfba-74c530cd6e8c"><testcase classname="tests.test_time_off.TestTimeOff" name="test_00_clean_state" time="0.913" /><testcase classname="tests.test_time_off.TestTimeOff" name="test_employee_create_valid" time="0.828" /><testcase classname="tests.test_time_off.TestTimeOff" name="test_end_before_start_400" time="0.048" /><testcase classname="tests.test_time_off.TestTimeOff" name="test_start_in_past_400" time="0.048" /><testcase classname="tests.test_time_off.TestTimeOff" name="test_overlap_rejected" time="0.284" /><testcase classname="tests.test_auto_start.TestAutoStartAndChallenges" name="test_settings_persist" time="2.222" /><testcase classname="tests.test_time_off.TestTimeOff" name="test_owner_cannot_create" time="0.045" /><testcase classname="tests.test_time_off.TestTimeOff" name="test_employee_list_me" time="0.234" /><testcase classname="tests.test_time_off.TestTimeOff" name="test_admin_list_filter_pending_and_tenant_isolation" time="1.371" /><testcase classname="tests.test_auto_start.TestAutoStartAndChallenges" name="test_auto_start_disabled" time="0.652" /><testcase classname="tests.test_auto_start.TestAutoStartAndChallenges" name="test_auto_start_outside_geofence" time="0.765" /><testcase classname="tests.test_time_off.TestTimeOff" name="test_approve_flow_and_audit_log" time="0.549" /><testcase classname="tests.test_auto_start.TestAutoStartAndChallenges" name="test_auto_start_low_accuracy" time="0.530" /><testcase classname="tests.test_time_off.TestTimeOff" name="test_deny_flow_and_audit_log" time="0.659" /><testcase classname="tests.test_auto_start.TestAutoStartAndChallenges" name="test_auto_start_success_and_challenges_count" time="0.488" /><testcase classname="tests.test_auto_start.TestAutoStartAndChallenges" name="test_auto_start_already_active" time="0.571" /><testcase classname="tests.test_time_off.TestTimeOff" name="test_pending_does_not_block_session_but_approved_does" time="0.591" /><testcase classname="tests.test_auto_start.TestAutoStartAndChallenges" name="test_auto_start_time_off_blocks" time="0.851" /><testcase classname="tests.test_time_off.TestTimeOff" name="test_timeoff_beats_weekly_calendar" time="0.976" /><testcase classname="tests.test_auto_start.TestAutoStartAndChallenges" name="test_challenge_triggers_via_ping" time="0.448"><failure message="AssertionError: {&quot;detail&quot;:&quot;Approved time off today (wedding). Enjoy your day.&quot;}&#10;assert 403 == 200&#10; +  where 403 = &lt;Response [403]&gt;.status_code">E   AssertionError: {"detail":"Approved time off today (wedding). Enjoy your day."}
    assert 403 == 200
     +  where 403 = &lt;Response [403]&gt;.status_code</failure></testcase><testcase classname="tests.test_time_off.TestTimeOff" name="test_today_endpoint" time="0.440" /><testcase classname="tests.test_auto_start.TestAutoStartAndChallenges" name="test_challenge_respond_success_and_photo" time="0.755" /><testcase classname="tests.test_time_off.TestTimeOff" name="test_employee_cancel_pending" time="0.186" /><testcase classname="tests.test_time_off.TestTimeOff" name="test_employee_cannot_cancel_approved" time="0.302" /><testcase classname="tests.test_time_off.TestTimeOff" name="test_employee_cannot_cancel_others_request" time="1.021" /><testcase classname="tests.test_auto_start.TestAutoStartAndChallenges" name="test_challenge_respond_unknown_id" time="0.934" /><testcase classname="tests.test_auto_start.TestAutoStartAndChallenges" name="test_challenge_respond_after_deadline" time="0.604" /><testcase classname="tests.test_time_off.TestTimeOff" name="test_404_on_missing_id" time="0.753" /><testcase classname="tests.test_auto_start.TestAutoStartAndChallenges" name="test_challenge_expiry_via_ping_logs_event" time="1.378" /><testcase classname="tests.test_photos.TestPhotos" name="test_start_with_valid_face_photo" time="1.271" /><testcase classname="tests.test_auto_start.TestAutoStartAndChallenges" name="test_fixed_mode_uses_configured_time" time="0.574" /><testcase classname="tests.test_photos.TestPhotos" name="test_start_without_face_photo" time="0.742" /><testcase classname="tests.test_auto_start.TestAutoStartAndChallenges" name="test_regression_manual_start_and_challenges" time="0.518" /><testcase classname="tests.test_photos.TestPhotos" name="test_start_with_malformed_base64" time="0.301" /><testcase classname="tests.test_photos.TestPhotos" name="test_start_with_undersized_photo" time="0.258" /><testcase classname="tests.test_auto_start.TestAutoStartAndChallenges" name="test_regression_manual_start_outside" time="0.592" /><testcase classname="tests.test_photos.TestPhotos" name="test_get_unknown_session_returns_404" time="0.097" /><testcase classname="tests.test_photos.TestPhotos" name="test_get_photo_requires_auth" time="0.629" /><testcase classname="tests.test_schedule.TestSchedule" name="test_patch_schedule_fixed_hours_persists_and_lists" time="0.714" /><testcase classname="tests.test_photos.TestPhotos" name="test_tenant_isolation_photo" time="1.364" /><testcase classname="tests.test_schedule.TestSchedule" name="test_create_employee_with_schedule_persists" time="0.642" /><testcase classname="tests.test_schedule.TestSchedule" name="test_fixed_hours_start_returns_6h_remaining" time="0.893" /><testcase classname="tests.test_photos.TestPhotos" name="test_live_endpoint_includes_has_photo" time="0.307"><failure message="assert (True and [])&#10; +  where True = isinstance([], list)">E   assert (True and [])
     +  where True = isinstance([], list)</failure></testcase><testcase classname="tests.test_schedule.TestSchedule" name="test_any_mode_start_returns_org_default" time="0.241" /><testcase classname="tests.test_photos.TestPhotos" name="test_live_endpoint_has_photo_false_when_no_photo" time="0.238"><failure message="assert 403 == 200&#10; +  where 403 = &lt;Response [403]&gt;.status_code">E   assert 403 == 200
     +  where 403 = &lt;Response [403]&gt;.status_code</failure></testcase><testcase classname="tests.test_schedule.TestSchedule" name="test_weekly_calendar_off_day_denied" time="0.335" /><testcase classname="tests.test_photos.TestPhotos" name="test_photo_does_not_bypass_geofence" time="0.140" /><testcase classname="tests.test_photos.TestPhotos" name="test_photo_does_not_bypass_accuracy" time="0.144"><failure message="assert 403 == 400&#10; +  where 403 = &lt;Response [403]&gt;.status_code">E   assert 403 == 400
     +  where 403 = &lt;Response [403]&gt;.status_code</failure></testcase><testcase classname="tests.test_schedule.TestSchedule" name="test_weekly_calendar_open_now_returns_time_until_close" time="0.343" /><testcase classname="tests.test_photos.TestPhotos" name="test_hash_chain_after_photo_session" time="0.970" /><testcase classname="tests.test_schedule.TestSchedule" name="test_weekly_calendar_past_close_denied" time="0.190" /><testcase classname="tests.test_schedule.TestSchedule" name="test_invalid_hhmm_regex_returns_422" time="0.052" /><testcase classname="tests.test_schedule.TestSchedule" name="test_fixed_hours_zero_returns_422" time="0.054" /><testcase classname="tests.test_schedule.TestSchedule" name="test_fixed_hours_over_24_returns_422" time="0.048" /><testcase classname="tests.test_schedule.TestSchedule" name="test_photo_and_schedule_coexist" time="0.999" /><testcase classname="tests.test_photos.TestPhotos" name="test_ws_broadcast_includes_has_photo" time="0.265" /><testcase classname="tests.test_backend.TestAuth" name="test_login_owner_and_me" time="0.412" /><testcase classname="tests.test_backend.TestAuth" name="test_login_wrong_password" time="0.335" /><testcase classname="tests.test_schedule.TestSchedule" name="test_schedule_denied_does_not_bypass_geofence_or_accuracy" time="0.383" /><testcase classname="tests.test_backend.TestAuth" name="test_register_org_new" time="0.324" /><testcase classname="tests.test_schedule.TestSchedule" name="test_ws_session_update_reflects_schedule_remaining" time="0.887" /><testcase classname="tests.test_backend.TestAuth" name="test_register_duplicate" time="0.174" /><testcase classname="tests.test_backend.TestAuth" name="test_refresh_rotates_token" time="0.860" /><testcase classname="tests.test_websocket" name="test_ws_hello_with_valid_token" time="0.343" /><testcase classname="tests.test_websocket" name="test_ws_rejects_no_token" time="0.004" /><testcase classname="tests.test_backend.TestAuth" name="test_refresh_same_second_produces_distinct_access_tokens" time="0.758" /><testcase classname="tests.test_websocket" name="test_ws_rejects_employee_role" time="0.705" /><testcase classname="tests.test_websocket" name="test_ws_push_on_session_start" time="0.217" /><testcase classname="tests.test_backend.TestAuth" name="test_logout_clears_cookies" time="0.509" /><testcase classname="tests.test_websocket" name="test_ws_push_on_ping" time="0.822" /><testcase classname="tests.test_backend.TestAuth" name="test_forgot_password_unknown_shape_exact" time="0.101" /><testcase classname="tests.test_backend.TestAuth" name="test_forgot_password_known_shape_exact" time="0.359" /><testcase classname="tests.test_websocket" name="test_ws_push_on_reset" time="0.527" /><testcase classname="tests.test_backend.TestAuth" name="test_reset_password_invalid_token" time="0.103" /><testcase classname="tests.test_me_schedule.TestMeSchedule" name="test_owner_me_schedule_is_null" time="0.428" /><testcase classname="tests.test_websocket" name="test_ws_push_on_force_expire" time="0.159" /><testcase classname="tests.test_websocket" name="test_ws_tenant_isolation" time="4.256" /><testcase classname="tests.test_me_schedule.TestMeSchedule" name="test_me_returns_weekly_calendar_schedule" time="1.005" /><testcase classname="tests.test_me_schedule.TestMeSchedule" name="test_me_returns_fixed_hours_schedule" time="0.445" /><testcase classname="tests.test_me_schedule.TestMeSchedule" name="test_me_reflects_new_schedule_after_patch_and_relogin" time="0.902" /><testcase classname="tests.test_me_schedule.TestMeSchedule" name="test_sessions_start_open_window_returns_ms_until_close" time="0.627" /><testcase classname="tests.test_me_schedule.TestMeSchedule" name="test_sessions_start_before_shift_returns_403_starts_at" time="0.486" /><testcase classname="tests.test_me_schedule.TestMeSchedule" name="test_sessions_start_after_shift_returns_403_ended_at" time="0.476" /><testcase classname="tests.test_me_schedule.TestMeSchedule" name="test_sessions_start_off_day_returns_403_not_scheduled" time="0.613" /><testcase classname="tests.test_websocket" name="test_live_endpoint_regression" time="0.101" /><testcase classname="tests.test_backend.TestEmployees" name="test_owner_can_list" time="0.423" /><testcase classname="tests.test_backend.TestSessions" name="test_start_outside_geofence" time="1.094" /><testcase classname="tests.test_backend.TestSessions" name="test_start_success_and_remaining" time="0.101" /><testcase classname="tests.test_backend.TestEmployees" name="test_employee_cannot_list" time="0.866" /><testcase classname="tests.test_backend.TestEmployees" name="test_reassign_employee_to_new_office" time="0.224" /><testcase classname="tests.test_backend.TestSessions" name="test_ping_and_reset_writes_record" time="0.715" /><testcase classname="tests.test_backend.TestAttendance" name="test_hash_chain_across_two_resets" time="0.367" /><testcase classname="tests.test_backend.TestAttendance" name="test_csv_export" time="0.065" /><testcase classname="tests.test_backend.TestAttendance" name="test_pdf_export" time="0.256" /><testcase classname="tests.test_backend.TestSeedCleanup" name="test_no_times_square_office" time="0.147" /><testcase classname="tests.test_backend.TestSeedCleanup" name="test_sample_employee_exists_and_unassigned" time="0.092" /><testcase classname="tests.test_backend.TestOfficesCRUD" name="test_full_crud_nigerian_office" time="0.302" /><testcase classname="tests.test_backend" name="test_api_root" time="0.173" /><testcase classname="tests.test_backend.TestOfficesCRUD" name="test_employee_cannot_create_office" time="0.101" /></testsuite></testsuites>