<?xml version="1.0" encoding="utf-8"?><testsuites name="pytest tests"><testsuite name="pytest" errors="0" failures="0" skipped="0" tests="17" time="8.469" timestamp="2026-08-02T18:05:16.171167+00:00" hostname="agent-env-a13556a5-fd33-4f8c-bfba-74c530cd6e8c"><testcase classname="tests.test_time_off.TestTimeOff" name="test_00_clean_state" time="0.778" /><testcase classname="tests.test_time_off.TestTimeOff" name="test_employee_create_valid" time="0.597" /><testcase classname="tests.test_time_off.TestTimeOff" name="test_end_before_start_400" time="0.045" /><testcase classname="tests.test_time_off.TestTimeOff" name="test_start_in_past_400" time="0.049" /><testcase classname="tests.test_time_off.TestTimeOff" name="test_overlap_rejected" time="0.232" /><testcase classname="tests.test_time_off.TestTimeOff" name="test_owner_cannot_create" time="0.046" /><testcase classname="tests.test_time_off.TestTimeOff" name="test_employee_list_me" time="0.233" /><testcase classname="tests.test_time_off.TestTimeOff" name="test_admin_list_filter_pending_and_tenant_isolation" time="1.189" /><testcase classname="tests.test_time_off.TestTimeOff" name="test_approve_flow_and_audit_log" time="0.443" /><testcase classname="tests.test_time_off.TestTimeOff" name="test_deny_flow_and_audit_log" time="0.515" /><testcase classname="tests.test_time_off.TestTimeOff" name="test_pending_does_not_block_session_but_approved_does" time="0.531" /><testcase classname="tests.test_time_off.TestTimeOff" name="test_timeoff_beats_weekly_calendar" time="0.813" /><testcase classname="tests.test_time_off.TestTimeOff" name="test_today_endpoint" time="0.379" /><testcase classname="tests.test_time_off.TestTimeOff" name="test_employee_cancel_pending" time="0.187" /><testcase classname="tests.test_time_off.TestTimeOff" name="test_employee_cannot_cancel_approved" time="0.272" /><testcase classname="tests.test_time_off.TestTimeOff" name="test_employee_cannot_cancel_others_request" time="0.934" /><testcase classname="tests.test_time_off.TestTimeOff" name="test_404_on_missing_id" time="0.706" /></testsuite></testsuites>