<?xml version="1.0" encoding="utf-8"?><testsuites name="pytest tests"><testsuite name="pytest" errors="0" failures="0" skipped="0" tests="13" time="5.536" timestamp="2026-08-02T17:04:02.528817+00:00" hostname="agent-env-a13556a5-fd33-4f8c-bfba-74c530cd6e8c"><testcase classname="tests.test_photos.TestPhotos" name="test_start_with_valid_face_photo" time="1.369" /><testcase classname="tests.test_photos.TestPhotos" name="test_start_without_face_photo" time="0.202" /><testcase classname="tests.test_photos.TestPhotos" name="test_start_with_malformed_base64" time="0.248" /><testcase classname="tests.test_photos.TestPhotos" name="test_start_with_undersized_photo" time="0.242" /><testcase classname="tests.test_photos.TestPhotos" name="test_get_unknown_session_returns_404" time="0.051" /><testcase classname="tests.test_photos.TestPhotos" name="test_get_photo_requires_auth" time="0.318" /><testcase classname="tests.test_photos.TestPhotos" name="test_tenant_isolation_photo" time="0.966" /><testcase classname="tests.test_photos.TestPhotos" name="test_live_endpoint_includes_has_photo" time="0.256" /><testcase classname="tests.test_photos.TestPhotos" name="test_live_endpoint_has_photo_false_when_no_photo" time="0.254" /><testcase classname="tests.test_photos.TestPhotos" name="test_photo_does_not_bypass_geofence" time="0.142" /><testcase classname="tests.test_photos.TestPhotos" name="test_photo_does_not_bypass_accuracy" time="0.151" /><testcase classname="tests.test_photos.TestPhotos" name="test_hash_chain_after_photo_session" time="0.443" /><testcase classname="tests.test_photos.TestPhotos" name="test_ws_broadcast_includes_has_photo" time="0.278" /></testsuite></testsuites>