<?xml version="1.0" encoding="utf-8"?><testsuites name="pytest tests"><testsuite name="pytest" errors="0" failures="0" skipped="0" tests="5" time="1.997" timestamp="2026-08-06T23:54:33.665380+00:00" hostname="agent-env-a13556a5-fd33-4f8c-bfba-74c530cd6e8c"><testcase classname="tests.test_admin_nudge" name="test_nudge_valid_employee_returns_200" time="0.352" /><testcase classname="tests.test_admin_nudge" name="test_nudge_nonexistent_user_returns_404" time="0.295" /><testcase classname="tests.test_admin_nudge" name="test_nudge_non_admin_returns_403" time="0.361" /><testcase classname="tests.test_admin_nudge" name="test_nudge_custom_title_body_truncation_accepted" time="0.335" /><testcase classname="tests.test_admin_nudge" name="test_nudge_cross_org_isolation_returns_404" time="0.586" /></testsuite></testsuites>