<?xml version="1.0" encoding="utf-8"?><testsuites name="pytest tests"><testsuite name="pytest" errors="0" failures="0" skipped="0" tests="67" time="24.280" timestamp="2026-08-02T17:52:19.554081+00:00" hostname="agent-env-a13556a5-fd33-4f8c-bfba-74c530cd6e8c"><testcase classname="tests.test_backend" name="test_api_root" time="0.128" /><testcase classname="tests.test_backend.TestSeedCleanup" name="test_no_times_square_office" time="0.370" /><testcase classname="tests.test_backend.TestSeedCleanup" name="test_sample_employee_exists_and_unassigned" time="0.047" /><testcase classname="tests.test_backend.TestAuth" name="test_login_owner_and_me" time="0.047" /><testcase classname="tests.test_backend.TestAuth" name="test_login_wrong_password" time="0.365" /><testcase classname="tests.test_backend.TestAuth" name="test_register_org_new" time="0.328" /><testcase classname="tests.test_backend.TestAuth" name="test_register_duplicate" time="0.097" /><testcase classname="tests.test_backend.TestAuth" name="test_refresh_rotates_token" time="0.531" /><testcase classname="tests.test_backend.TestAuth" name="test_refresh_same_second_produces_distinct_access_tokens" time="0.479" /><testcase classname="tests.test_backend.TestAuth" name="test_logout_clears_cookies" time="0.424" /><testcase classname="tests.test_backend.TestAuth" name="test_forgot_password_unknown_shape_exact" time="0.099" /><testcase classname="tests.test_backend.TestAuth" name="test_forgot_password_known_shape_exact" time="0.502" /><testcase classname="tests.test_backend.TestAuth" name="test_reset_password_invalid_token" time="0.103" /><testcase classname="tests.test_backend.TestOfficesCRUD" name="test_full_crud_nigerian_office" time="0.233" /><testcase classname="tests.test_backend.TestOfficesCRUD" name="test_employee_cannot_create_office" time="0.560" /><testcase classname="tests.test_backend.TestEmployees" name="test_owner_can_list" time="0.047" /><testcase classname="tests.test_backend.TestEmployees" name="test_employee_cannot_list" time="0.046" /><testcase classname="tests.test_backend.TestEmployees" name="test_reassign_employee_to_new_office" time="0.188" /><testcase classname="tests.test_backend.TestSessions" name="test_start_outside_geofence" time="0.093" /><testcase classname="tests.test_backend.TestSessions" name="test_start_success_and_remaining" time="0.090" /><testcase classname="tests.test_backend.TestSessions" name="test_ping_and_reset_writes_record" time="0.612" /><testcase classname="tests.test_backend.TestAttendance" name="test_hash_chain_across_two_resets" time="0.341" /><testcase classname="tests.test_backend.TestAttendance" name="test_csv_export" time="0.051" /><testcase classname="tests.test_backend.TestAttendance" name="test_pdf_export" time="0.328" /><testcase classname="tests.test_me_schedule.TestMeSchedule" name="test_owner_me_schedule_is_null" time="0.401" /><testcase classname="tests.test_me_schedule.TestMeSchedule" name="test_me_returns_weekly_calendar_schedule" time="0.574" /><testcase classname="tests.test_me_schedule.TestMeSchedule" name="test_me_returns_fixed_hours_schedule" time="0.419" /><testcase classname="tests.test_me_schedule.TestMeSchedule" name="test_me_reflects_new_schedule_after_patch_and_relogin" time="0.881" /><testcase classname="tests.test_me_schedule.TestMeSchedule" name="test_sessions_start_open_window_returns_ms_until_close" time="0.527" /><testcase classname="tests.test_me_schedule.TestMeSchedule" name="test_sessions_start_before_shift_returns_403_starts_at" time="0.468" /><testcase classname="tests.test_me_schedule.TestMeSchedule" name="test_sessions_start_after_shift_returns_403_ended_at" time="0.485" /><testcase classname="tests.test_me_schedule.TestMeSchedule" name="test_sessions_start_off_day_returns_403_not_scheduled" time="0.571" /><testcase classname="tests.test_photos.TestPhotos" name="test_start_with_valid_face_photo" time="1.078" /><testcase classname="tests.test_photos.TestPhotos" name="test_start_without_face_photo" time="0.186" /><testcase classname="tests.test_photos.TestPhotos" name="test_start_with_malformed_base64" time="0.235" /><testcase classname="tests.test_photos.TestPhotos" name="test_start_with_undersized_photo" time="0.236" /><testcase classname="tests.test_photos.TestPhotos" name="test_get_unknown_session_returns_404" time="0.054" /><testcase classname="tests.test_photos.TestPhotos" name="test_get_photo_requires_auth" time="0.349" /><testcase classname="tests.test_photos.TestPhotos" name="test_tenant_isolation_photo" time="0.895" /><testcase classname="tests.test_photos.TestPhotos" name="test_live_endpoint_includes_has_photo" time="0.240" /><testcase classname="tests.test_photos.TestPhotos" name="test_live_endpoint_has_photo_false_when_no_photo" time="0.234" /><testcase classname="tests.test_photos.TestPhotos" name="test_photo_does_not_bypass_geofence" time="0.143" /><testcase classname="tests.test_photos.TestPhotos" name="test_photo_does_not_bypass_accuracy" time="0.141" /><testcase classname="tests.test_photos.TestPhotos" name="test_hash_chain_after_photo_session" time="0.254" /><testcase classname="tests.test_photos.TestPhotos" name="test_ws_broadcast_includes_has_photo" time="0.291" /><testcase classname="tests.test_schedule.TestSchedule" name="test_patch_schedule_fixed_hours_persists_and_lists" time="0.566" /><testcase classname="tests.test_schedule.TestSchedule" name="test_create_employee_with_schedule_persists" time="0.361" /><testcase classname="tests.test_schedule.TestSchedule" name="test_fixed_hours_start_returns_6h_remaining" time="0.574" /><testcase classname="tests.test_schedule.TestSchedule" name="test_any_mode_start_returns_org_default" time="0.194" /><testcase classname="tests.test_schedule.TestSchedule" name="test_weekly_calendar_off_day_denied" time="0.191" /><testcase classname="tests.test_schedule.TestSchedule" name="test_weekly_calendar_open_now_returns_time_until_close" time="0.238" /><testcase classname="tests.test_schedule.TestSchedule" name="test_weekly_calendar_past_close_denied" time="0.143" /><testcase classname="tests.test_schedule.TestSchedule" name="test_invalid_hhmm_regex_returns_422" time="0.046" /><testcase classname="tests.test_schedule.TestSchedule" name="test_fixed_hours_zero_returns_422" time="0.044" /><testcase classname="tests.test_schedule.TestSchedule" name="test_fixed_hours_over_24_returns_422" time="0.046" /><testcase classname="tests.test_schedule.TestSchedule" name="test_photo_and_schedule_coexist" time="0.228" /><testcase classname="tests.test_schedule.TestSchedule" name="test_schedule_denied_does_not_bypass_geofence_or_accuracy" time="0.188" /><testcase classname="tests.test_schedule.TestSchedule" name="test_ws_session_update_reflects_schedule_remaining" time="0.421" /><testcase classname="tests.test_websocket" name="test_ws_hello_with_valid_token" time="0.349" /><testcase classname="tests.test_websocket" name="test_ws_rejects_no_token" time="0.003" /><testcase classname="tests.test_websocket" name="test_ws_rejects_employee_role" time="0.527" /><testcase classname="tests.test_websocket" name="test_ws_push_on_session_start" time="0.124" /><testcase classname="tests.test_websocket" name="test_ws_push_on_ping" time="0.597" /><testcase classname="tests.test_websocket" name="test_ws_push_on_reset" time="0.497" /><testcase classname="tests.test_websocket" name="test_ws_push_on_force_expire" time="0.147" /><testcase classname="tests.test_websocket" name="test_ws_tenant_isolation" time="3.777" /><testcase classname="tests.test_websocket" name="test_live_endpoint_regression" time="0.147" /></testsuite></testsuites>