<?xml version="1.0" encoding="utf-8"?><testsuites name="pytest tests"><testsuite name="pytest" errors="0" failures="0" skipped="0" tests="8" time="4.865" timestamp="2026-08-06T02:09:55.266667+00:00" hostname="agent-env-a13556a5-fd33-4f8c-bfba-74c530cd6e8c"><testcase classname="tests.test_mobile_phase0" name="test_register_device_upsert_and_list_and_delete" time="0.530" /><testcase classname="tests.test_mobile_phase0" name="test_heartbeat_404_when_unregistered" time="0.294" /><testcase classname="tests.test_mobile_phase0" name="test_heartbeat_updates_registered_device" time="0.379" /><testcase classname="tests.test_mobile_phase0" name="test_geofence_enter_starts_session_and_exit_pauses_and_dup_idempotent" time="0.916" /><testcase classname="tests.test_mobile_phase0" name="test_bulk_sync_orders_events_by_ts_ms" time="0.690" /><testcase classname="tests.test_mobile_phase0" name="test_mock_location_flags_but_still_starts_session" time="0.681" /><testcase classname="tests.test_mobile_phase0" name="test_reconcile_no_session_shape" time="0.592" /><testcase classname="tests.test_mobile_phase0" name="test_challenge_now_uses_push_stub" time="0.702" /></testsuite></testsuites>