<?xml version="1.0" encoding="utf-8"?><testsuites name="pytest tests"><testsuite name="pytest" errors="0" failures="0" skipped="1" tests="7" time="3.032" timestamp="2026-03-21T04:40:26.643715+00:00" hostname="agent-env-25196972-c419-4596-8f14-9f73cea1d022"><testcase classname="tests.test_role_and_orders.TestUserRegistration" name="test_register_user_default_role" time="0.405" /><testcase classname="tests.test_role_and_orders.TestUserRegistration" name="test_register_user_with_explicit_user_role" time="0.330" /><testcase classname="tests.test_role_and_orders.TestDashboardStats" name="test_dashboard_stats_structure_for_admin" time="0.462" /><testcase classname="tests.test_role_and_orders.TestDashboardStats" name="test_dashboard_stats_has_consultations_count" time="0.441" /><testcase classname="tests.test_role_and_orders.TestUserRoleAccess" name="test_user_can_access_dashboard_stats" time="0.432"><skipped type="pytest.skip" message="Known bug: 'user' role not handled in dashboard stats endpoint">/app/backend/tests/test_role_and_orders.py:177: Known bug: 'user' role not handled in dashboard stats endpoint</skipped></testcase><testcase classname="tests.test_role_and_orders.TestUserRoleAccess" name="test_user_can_access_orders" time="0.482" /><testcase classname="tests.test_role_and_orders.TestUserRoleAccess" name="test_user_can_access_consultations" time="0.424" /></testsuite></testsuites>