<?xml version="1.0" encoding="utf-8"?><testsuites name="pytest tests"><testsuite name="pytest" errors="0" failures="0" skipped="0" tests="18" time="4.792" timestamp="2026-03-22T05:31:34.356791+00:00" hostname="agent-env-25196972-c419-4596-8f14-9f73cea1d022"><testcase classname="backend.tests.test_static_lightbox_billboard.TestBillboardTypesAPI" name="test_get_all_billboard_types" time="0.155" /><testcase classname="backend.tests.test_static_lightbox_billboard.TestBillboardTypesAPI" name="test_get_static_banner_types" time="0.108" /><testcase classname="backend.tests.test_static_lightbox_billboard.TestBillboardTypesAPI" name="test_get_lightbox_types" time="0.102" /><testcase classname="backend.tests.test_static_lightbox_billboard.TestBillboardTypesAPI" name="test_billboard_type_structure" time="0.096" /><testcase classname="backend.tests.test_static_lightbox_billboard.TestStaticBillboardPackagesAPI" name="test_get_all_static_packages" time="0.094" /><testcase classname="backend.tests.test_static_lightbox_billboard.TestStaticBillboardPackagesAPI" name="test_filter_by_category_static_banner" time="0.114" /><testcase classname="backend.tests.test_static_lightbox_billboard.TestStaticBillboardPackagesAPI" name="test_filter_by_category_lightbox" time="0.105" /><testcase classname="backend.tests.test_static_lightbox_billboard.TestStaticBillboardPackagesAPI" name="test_filter_by_state_road_type" time="0.195" /><testcase classname="backend.tests.test_static_lightbox_billboard.TestStaticBillboardPackagesAPI" name="test_package_structure" time="0.099" /><testcase classname="backend.tests.test_static_lightbox_billboard.TestStaticBillboardOrderCreation" name="test_create_static_banner_order" time="0.599" /><testcase classname="backend.tests.test_static_lightbox_billboard.TestStaticBillboardOrderCreation" name="test_create_lightbox_order" time="0.531" /><testcase classname="backend.tests.test_static_lightbox_billboard.TestStaticBillboardOrderCreation" name="test_order_appears_in_user_orders" time="0.448" /><testcase classname="backend.tests.test_static_lightbox_billboard.TestAdminBillboardTypeManagement" name="test_create_billboard_type_requires_auth" time="0.096" /><testcase classname="backend.tests.test_static_lightbox_billboard.TestAdminBillboardTypeManagement" name="test_admin_can_create_billboard_type" time="0.527" /><testcase classname="backend.tests.test_static_lightbox_billboard.TestAdminBillboardTypeManagement" name="test_admin_can_delete_billboard_type" time="0.518" /><testcase classname="backend.tests.test_static_lightbox_billboard.TestAdminStaticPackageManagement" name="test_create_package_requires_auth" time="0.089" /><testcase classname="backend.tests.test_static_lightbox_billboard.TestAdminStaticPackageManagement" name="test_admin_can_create_static_package" time="0.734" /><testcase classname="backend.tests.test_static_lightbox_billboard.TestBillboardsPageIntegration" name="test_billboards_endpoint_returns_all_types" time="0.105" /></testsuite></testsuites>