<?xml version="1.0" encoding="utf-8"?><testsuites name="pytest tests"><testsuite name="pytest" errors="0" failures="0" skipped="0" tests="12" time="6.202" timestamp="2026-03-21T02:41:39.797510+00:00" hostname="agent-env-25196972-c419-4596-8f14-9f73cea1d022"><testcase classname="backend.tests.test_view_order_modal.TestViewOrderModalFeatures" name="test_admin_orders_endpoint_returns_data" time="0.551" /><testcase classname="backend.tests.test_view_order_modal.TestViewOrderModalFeatures" name="test_orders_have_created_at_timestamp" time="0.530" /><testcase classname="backend.tests.test_view_order_modal.TestViewOrderModalFeatures" name="test_orders_have_order_type_field" time="0.487" /><testcase classname="backend.tests.test_view_order_modal.TestViewOrderModalFeatures" name="test_orders_have_user_info" time="0.521" /><testcase classname="backend.tests.test_view_order_modal.TestViewOrderModalFeatures" name="test_orders_have_package_details" time="0.512" /><testcase classname="backend.tests.test_view_order_modal.TestViewOrderModalFeatures" name="test_service_orders_enriched_with_seller_info" time="0.488" /><testcase classname="backend.tests.test_view_order_modal.TestViewOrderModalFeatures" name="test_orders_have_order_summary_fields" time="0.530" /><testcase classname="backend.tests.test_view_order_modal.TestViewOrderModalFeatures" name="test_consultation_orders_have_scheduled_info" time="0.510" /><testcase classname="backend.tests.test_view_order_modal.TestViewOrderModalFeatures" name="test_orders_have_platform_fee" time="0.495" /><testcase classname="backend.tests.test_view_order_modal.TestViewOrderModalFeatures" name="test_orders_have_deliverables_for_display" time="0.493" /><testcase classname="backend.tests.test_view_order_modal.TestViewOrderModalFeatures" name="test_orders_have_turnaround_info" time="0.554" /><testcase classname="backend.tests.test_view_order_modal.TestDateTimeFormatting" name="test_all_orders_have_timestamp_with_time" time="0.480" /></testsuite></testsuites>